2024-11-13 19:19:16,583 - root - INFO - take_data, receiving new data
2024-11-13 19:19:16,583 - root - INFO - take_data, receiving new data
2024-11-13 19:19:16,583 - root - INFO - take_data, receiving new data
2024-11-13 19:20:52,820 - root - INFO - take_data, Dimension of Aggregated Data: (3000000, 62)
2024-11-13 19:20:52,820 - root - INFO - take_data, Dimension of Aggregated Data: (3000000, 62)
2024-11-13 19:20:52,820 - root - INFO - take_data, Dimension of Aggregated Data: (3000000, 62)
2024-11-13 19:20:52,860 - root - INFO - take_data, Target variable values: target
0    2893558
1     106442
Name: count, dtype: int64
2024-11-13 19:20:52,860 - root - INFO - take_data, Target variable values: target
0    2893558
1     106442
Name: count, dtype: int64
2024-11-13 19:20:52,860 - root - INFO - take_data, Target variable values: target
0    2893558
1     106442
Name: count, dtype: int64
2024-11-13 19:20:52,860 - root - INFO - take_data, Data saved in: /home/leostuchchi/scoring_credit_default/data/train
2024-11-13 19:20:52,860 - root - INFO - take_data, Data saved in: /home/leostuchchi/scoring_credit_default/data/train
2024-11-13 19:20:52,860 - root - INFO - take_data, Data saved in: /home/leostuchchi/scoring_credit_default/data/train
2024-11-13 19:20:55,391 - root - INFO - preprocessing. new_features. created
2024-11-13 19:20:55,391 - root - INFO - preprocessing. new_features. created
2024-11-13 19:20:55,391 - root - INFO - preprocessing. new_features. created
2024-11-13 19:21:04,361 - root - INFO - preprocessing, high_corr, drop low correlated: ['pre_since_confirmed', 'pre_pterm', 'pre_fterm', 'pre_till_pclose', 'pre_loans_next_pay_summ', 'pre_loans_total_overdue', 'pre_loans_credit_cost_rate', 'pre_loans3060', 'pre_loans6090', 'is_zero_util', 'is_zero_over2limit', 'enc_loans_account_holder_type', 'enc_loans_account_cur']
2024-11-13 19:21:04,361 - root - INFO - preprocessing, high_corr, drop low correlated: ['pre_since_confirmed', 'pre_pterm', 'pre_fterm', 'pre_till_pclose', 'pre_loans_next_pay_summ', 'pre_loans_total_overdue', 'pre_loans_credit_cost_rate', 'pre_loans3060', 'pre_loans6090', 'is_zero_util', 'is_zero_over2limit', 'enc_loans_account_holder_type', 'enc_loans_account_cur']
2024-11-13 19:21:04,361 - root - INFO - preprocessing, high_corr, drop low correlated: ['pre_since_confirmed', 'pre_pterm', 'pre_fterm', 'pre_till_pclose', 'pre_loans_next_pay_summ', 'pre_loans_total_overdue', 'pre_loans_credit_cost_rate', 'pre_loans3060', 'pre_loans6090', 'is_zero_util', 'is_zero_over2limit', 'enc_loans_account_holder_type', 'enc_loans_account_cur']
2024-11-13 19:22:23,279 - root - INFO - preprocessing, important, drop 0-important: ['pre_since_opened', 'pre_till_fclose', 'pre_loans_credit_limit', 'pre_loans_outstanding', 'pre_loans_max_overdue_sum', 'pre_loans5', 'pre_loans530', 'pre_loans90', 'is_zero_loans530', 'is_zero_loans6090', 'is_zero_loans90', 'pre_util', 'pre_over2limit', 'is_zero_maxover2limit', 'enc_paym_5', 'enc_paym_6', 'enc_paym_8', 'enc_paym_9', 'enc_paym_10', 'enc_paym_11', 'enc_paym_12', 'enc_paym_13', 'enc_paym_14', 'enc_paym_15', 'enc_paym_16', 'enc_paym_17', 'enc_paym_18', 'enc_paym_19', 'enc_paym_20', 'enc_paym_21', 'enc_paym_22', 'enc_paym_24', 'pclose_flag', 'fclose_flag', 'rn', 'suspended_loans_3060_6090']
2024-11-13 19:22:23,279 - root - INFO - preprocessing, important, drop 0-important: ['pre_since_opened', 'pre_till_fclose', 'pre_loans_credit_limit', 'pre_loans_outstanding', 'pre_loans_max_overdue_sum', 'pre_loans5', 'pre_loans530', 'pre_loans90', 'is_zero_loans530', 'is_zero_loans6090', 'is_zero_loans90', 'pre_util', 'pre_over2limit', 'is_zero_maxover2limit', 'enc_paym_5', 'enc_paym_6', 'enc_paym_8', 'enc_paym_9', 'enc_paym_10', 'enc_paym_11', 'enc_paym_12', 'enc_paym_13', 'enc_paym_14', 'enc_paym_15', 'enc_paym_16', 'enc_paym_17', 'enc_paym_18', 'enc_paym_19', 'enc_paym_20', 'enc_paym_21', 'enc_paym_22', 'enc_paym_24', 'pclose_flag', 'fclose_flag', 'rn', 'suspended_loans_3060_6090']
2024-11-13 19:22:23,279 - root - INFO - preprocessing, important, drop 0-important: ['pre_since_opened', 'pre_till_fclose', 'pre_loans_credit_limit', 'pre_loans_outstanding', 'pre_loans_max_overdue_sum', 'pre_loans5', 'pre_loans530', 'pre_loans90', 'is_zero_loans530', 'is_zero_loans6090', 'is_zero_loans90', 'pre_util', 'pre_over2limit', 'is_zero_maxover2limit', 'enc_paym_5', 'enc_paym_6', 'enc_paym_8', 'enc_paym_9', 'enc_paym_10', 'enc_paym_11', 'enc_paym_12', 'enc_paym_13', 'enc_paym_14', 'enc_paym_15', 'enc_paym_16', 'enc_paym_17', 'enc_paym_18', 'enc_paym_19', 'enc_paym_20', 'enc_paym_21', 'enc_paym_22', 'enc_paym_24', 'pclose_flag', 'fclose_flag', 'rn', 'suspended_loans_3060_6090']
2024-11-13 19:22:27,227 - root - INFO - preprocessing, duplicates removed, target values: target
0    490955
1    106442
Name: count, dtype: int64
2024-11-13 19:22:27,227 - root - INFO - preprocessing, duplicates removed, target values: target
0    490955
1    106442
Name: count, dtype: int64
2024-11-13 19:22:27,227 - root - INFO - preprocessing, duplicates removed, target values: target
0    490955
1    106442
Name: count, dtype: int64
2024-11-13 19:22:27,228 - root - INFO - preprocessing, duplicates removed, shape: (597397, 18)
2024-11-13 19:22:27,228 - root - INFO - preprocessing, duplicates removed, shape: (597397, 18)
2024-11-13 19:22:27,228 - root - INFO - preprocessing, duplicates removed, shape: (597397, 18)
2024-11-13 19:22:32,553 - root - INFO - preprocessing, preparations, final_df taken, shape, : (597397, 18)
2024-11-13 19:22:32,553 - root - INFO - preprocessing, preparations, final_df taken, shape, : (597397, 18)
2024-11-13 19:22:32,553 - root - INFO - preprocessing, preparations, final_df taken, shape, : (597397, 18)
2024-11-13 19:22:32,886 - root - INFO - modeling, start tuning
2024-11-13 19:22:32,886 - root - INFO - modeling, start tuning
2024-11-13 19:22:32,886 - root - INFO - modeling, start tuning
2024-11-13 19:24:01,013 - root - INFO - modeling, start tuning
2024-11-13 19:24:01,013 - root - INFO - modeling, start tuning
2024-11-13 19:24:01,013 - root - INFO - modeling, start tuning
2024-11-13 19:25:28,506 - root - INFO - modeling, start tuning
2024-11-13 19:25:28,506 - root - INFO - modeling, start tuning
2024-11-13 19:25:28,506 - root - INFO - modeling, start tuning
2024-11-13 19:26:07,697 - root - INFO - modeling, start tuning
2024-11-13 19:26:07,697 - root - INFO - modeling, start tuning
2024-11-13 19:26:07,697 - root - INFO - modeling, start tuning
2024-11-13 19:27:15,250 - root - INFO - modeling, start tuning
2024-11-13 19:27:15,250 - root - INFO - modeling, start tuning
2024-11-13 19:27:15,250 - root - INFO - modeling, start tuning
2024-11-13 19:28:19,589 - root - INFO - modeling, start tuning
2024-11-13 19:28:19,589 - root - INFO - modeling, start tuning
2024-11-13 19:28:19,589 - root - INFO - modeling, start tuning
2024-11-13 19:29:38,369 - root - INFO - modeling, start tuning
2024-11-13 19:29:38,369 - root - INFO - modeling, start tuning
2024-11-13 19:29:38,369 - root - INFO - modeling, start tuning
2024-11-13 19:32:18,506 - root - INFO - modeling, start tuning
2024-11-13 19:32:18,506 - root - INFO - modeling, start tuning
2024-11-13 19:32:18,506 - root - INFO - modeling, start tuning
2024-11-13 19:33:18,536 - root - INFO - modeling, start tuning
2024-11-13 19:33:18,536 - root - INFO - modeling, start tuning
2024-11-13 19:33:18,536 - root - INFO - modeling, start tuning
2024-11-13 19:34:06,475 - root - INFO - modeling, start tuning
2024-11-13 19:34:06,475 - root - INFO - modeling, start tuning
2024-11-13 19:34:06,475 - root - INFO - modeling, start tuning
2024-11-13 19:34:59,432 - root - INFO - modeling, start tuning
2024-11-13 19:34:59,432 - root - INFO - modeling, start tuning
2024-11-13 19:34:59,432 - root - INFO - modeling, start tuning
2024-11-13 19:43:41,886 - root - INFO - modeling, start tuning
2024-11-13 19:43:41,886 - root - INFO - modeling, start tuning
2024-11-13 19:43:41,886 - root - INFO - modeling, start tuning
2024-11-13 19:45:32,297 - root - INFO - modeling, start tuning
2024-11-13 19:45:32,297 - root - INFO - modeling, start tuning
2024-11-13 19:45:32,297 - root - INFO - modeling, start tuning
2024-11-13 19:47:24,585 - root - INFO - modeling, start tuning
2024-11-13 19:47:24,585 - root - INFO - modeling, start tuning
2024-11-13 19:47:24,585 - root - INFO - modeling, start tuning
2024-11-13 19:50:26,531 - root - INFO - modeling, start tuning
2024-11-13 19:50:26,531 - root - INFO - modeling, start tuning
2024-11-13 19:50:26,531 - root - INFO - modeling, start tuning
2024-11-13 19:52:14,404 - root - INFO - modeling, start tuning
2024-11-13 19:52:14,404 - root - INFO - modeling, start tuning
2024-11-13 19:52:14,404 - root - INFO - modeling, start tuning
2024-11-13 19:57:11,980 - root - INFO - modeling, start tuning
2024-11-13 19:57:11,980 - root - INFO - modeling, start tuning
2024-11-13 19:57:11,980 - root - INFO - modeling, start tuning
2024-11-13 19:58:46,730 - root - INFO - modeling, start tuning
2024-11-13 19:58:46,730 - root - INFO - modeling, start tuning
2024-11-13 19:58:46,730 - root - INFO - modeling, start tuning
2024-11-13 20:00:00,110 - root - INFO - modeling, start tuning
2024-11-13 20:00:00,110 - root - INFO - modeling, start tuning
2024-11-13 20:00:00,110 - root - INFO - modeling, start tuning
2024-11-13 20:02:07,947 - root - INFO - modeling, start tuning
2024-11-13 20:02:07,947 - root - INFO - modeling, start tuning
2024-11-13 20:02:07,947 - root - INFO - modeling, start tuning
2024-11-13 20:04:59,111 - root - INFO - modeling, start tuning
2024-11-13 20:04:59,111 - root - INFO - modeling, start tuning
2024-11-13 20:04:59,111 - root - INFO - modeling, start tuning
2024-11-13 20:07:16,720 - root - INFO - modeling, start tuning
2024-11-13 20:07:16,720 - root - INFO - modeling, start tuning
2024-11-13 20:07:16,720 - root - INFO - modeling, start tuning
2024-11-13 20:09:07,584 - root - INFO - modeling, start tuning
2024-11-13 20:09:07,584 - root - INFO - modeling, start tuning
2024-11-13 20:09:07,584 - root - INFO - modeling, start tuning
2024-11-13 20:10:51,723 - root - INFO - modeling, start tuning
2024-11-13 20:10:51,723 - root - INFO - modeling, start tuning
2024-11-13 20:10:51,723 - root - INFO - modeling, start tuning
2024-11-13 20:12:51,264 - root - INFO - modeling, start tuning
2024-11-13 20:12:51,264 - root - INFO - modeling, start tuning
2024-11-13 20:12:51,264 - root - INFO - modeling, start tuning
2024-11-13 20:15:01,682 - root - INFO - modeling, start tuning
2024-11-13 20:15:01,682 - root - INFO - modeling, start tuning
2024-11-13 20:15:01,682 - root - INFO - modeling, start tuning
2024-11-13 20:17:29,864 - root - INFO - modeling, start tuning
2024-11-13 20:17:29,864 - root - INFO - modeling, start tuning
2024-11-13 20:17:29,864 - root - INFO - modeling, start tuning
2024-11-13 20:19:15,808 - root - INFO - modeling, start tuning
2024-11-13 20:19:15,808 - root - INFO - modeling, start tuning
2024-11-13 20:19:15,808 - root - INFO - modeling, start tuning
2024-11-13 20:21:12,754 - root - INFO - modeling, start tuning
2024-11-13 20:21:12,754 - root - INFO - modeling, start tuning
2024-11-13 20:21:12,754 - root - INFO - modeling, start tuning
2024-11-13 20:24:38,859 - root - INFO - modeling, start tuning
2024-11-13 20:24:38,859 - root - INFO - modeling, start tuning
2024-11-13 20:24:38,859 - root - INFO - modeling, start tuning
2024-11-13 20:25:37,747 - root - INFO - modeling, start tuning
2024-11-13 20:25:37,747 - root - INFO - modeling, start tuning
2024-11-13 20:25:37,747 - root - INFO - modeling, start tuning
2024-11-13 20:27:51,754 - root - INFO - modeling, start tuning
2024-11-13 20:27:51,754 - root - INFO - modeling, start tuning
2024-11-13 20:27:51,754 - root - INFO - modeling, start tuning
2024-11-13 20:29:54,865 - root - INFO - modeling, start tuning
2024-11-13 20:29:54,865 - root - INFO - modeling, start tuning
2024-11-13 20:29:54,865 - root - INFO - modeling, start tuning
2024-11-13 20:32:00,015 - root - INFO - modeling, start tuning
2024-11-13 20:32:00,015 - root - INFO - modeling, start tuning
2024-11-13 20:32:00,015 - root - INFO - modeling, start tuning
2024-11-13 20:33:56,080 - root - INFO - modeling, start tuning
2024-11-13 20:33:56,080 - root - INFO - modeling, start tuning
2024-11-13 20:33:56,080 - root - INFO - modeling, start tuning
2024-11-13 20:36:23,406 - root - INFO - modeling, start tuning
2024-11-13 20:36:23,406 - root - INFO - modeling, start tuning
2024-11-13 20:36:23,406 - root - INFO - modeling, start tuning
2024-11-13 20:38:33,719 - root - INFO - modeling, start tuning
2024-11-13 20:38:33,719 - root - INFO - modeling, start tuning
2024-11-13 20:38:33,719 - root - INFO - modeling, start tuning
2024-11-13 20:40:21,162 - root - INFO - modeling, start tuning
2024-11-13 20:40:21,162 - root - INFO - modeling, start tuning
2024-11-13 20:40:21,162 - root - INFO - modeling, start tuning
2024-11-13 20:42:09,451 - root - INFO - modeling, start tuning
2024-11-13 20:42:09,451 - root - INFO - modeling, start tuning
2024-11-13 20:42:09,451 - root - INFO - modeling, start tuning
2024-11-13 20:43:31,577 - root - INFO - modeling, start tuning
2024-11-13 20:43:31,577 - root - INFO - modeling, start tuning
2024-11-13 20:43:31,577 - root - INFO - modeling, start tuning
2024-11-13 20:45:25,257 - root - INFO - modeling, start tuning
2024-11-13 20:45:25,257 - root - INFO - modeling, start tuning
2024-11-13 20:45:25,257 - root - INFO - modeling, start tuning
2024-11-13 20:47:06,184 - root - INFO - modeling, start tuning
2024-11-13 20:47:06,184 - root - INFO - modeling, start tuning
2024-11-13 20:47:06,184 - root - INFO - modeling, start tuning
2024-11-13 20:49:09,001 - root - INFO - modeling, start tuning
2024-11-13 20:49:09,001 - root - INFO - modeling, start tuning
2024-11-13 20:49:09,001 - root - INFO - modeling, start tuning
2024-11-13 20:51:10,932 - root - INFO - modeling, start tuning
2024-11-13 20:51:10,932 - root - INFO - modeling, start tuning
2024-11-13 20:51:10,932 - root - INFO - modeling, start tuning
2024-11-13 20:53:33,284 - root - INFO - modeling, start tuning
2024-11-13 20:53:33,284 - root - INFO - modeling, start tuning
2024-11-13 20:53:33,284 - root - INFO - modeling, start tuning
2024-11-13 20:56:15,171 - root - INFO - modeling, start tuning
2024-11-13 20:56:15,171 - root - INFO - modeling, start tuning
2024-11-13 20:56:15,171 - root - INFO - modeling, start tuning
2024-11-13 20:58:11,192 - root - INFO - modeling, start tuning
2024-11-13 20:58:11,192 - root - INFO - modeling, start tuning
2024-11-13 20:58:11,192 - root - INFO - modeling, start tuning
2024-11-13 21:00:29,216 - root - INFO - modeling, start tuning
2024-11-13 21:00:29,216 - root - INFO - modeling, start tuning
2024-11-13 21:00:29,216 - root - INFO - modeling, start tuning
2024-11-13 21:02:12,475 - root - INFO - modeling, start tuning
2024-11-13 21:02:12,475 - root - INFO - modeling, start tuning
2024-11-13 21:02:12,475 - root - INFO - modeling, start tuning
2024-11-13 21:04:04,148 - root - INFO - modeling, start tuning
2024-11-13 21:04:04,148 - root - INFO - modeling, start tuning
2024-11-13 21:04:04,148 - root - INFO - modeling, start tuning
2024-11-13 21:05:07,427 - root - INFO - modeling, start tuning
2024-11-13 21:05:07,427 - root - INFO - modeling, start tuning
2024-11-13 21:05:07,427 - root - INFO - modeling, start tuning
2024-11-13 21:06:43,854 - root - INFO - modeling, start tuning
2024-11-13 21:06:43,854 - root - INFO - modeling, start tuning
2024-11-13 21:06:43,854 - root - INFO - modeling, start tuning
2024-11-13 21:08:44,639 - root - INFO - modeling, start tuning
2024-11-13 21:08:44,639 - root - INFO - modeling, start tuning
2024-11-13 21:08:44,639 - root - INFO - modeling, start tuning
2024-11-13 21:10:49,353 - root - INFO - modeling, start tuning
2024-11-13 21:10:49,353 - root - INFO - modeling, start tuning
2024-11-13 21:10:49,353 - root - INFO - modeling, start tuning
2024-11-13 21:13:13,323 - root - INFO - modeling, start tuning
2024-11-13 21:13:13,323 - root - INFO - modeling, start tuning
2024-11-13 21:13:13,323 - root - INFO - modeling, start tuning
2024-11-13 21:15:39,997 - root - INFO - modeling, start tuning
2024-11-13 21:15:39,997 - root - INFO - modeling, start tuning
2024-11-13 21:15:39,997 - root - INFO - modeling, start tuning
2024-11-13 21:21:47,567 - root - INFO - modeling, start tuning
2024-11-13 21:21:47,567 - root - INFO - modeling, start tuning
2024-11-13 21:21:47,567 - root - INFO - modeling, start tuning
2024-11-13 21:23:14,012 - root - INFO - modeling, start tuning
2024-11-13 21:23:14,012 - root - INFO - modeling, start tuning
2024-11-13 21:23:14,012 - root - INFO - modeling, start tuning
2024-11-13 21:26:10,818 - root - INFO - modeling, start tuning
2024-11-13 21:26:10,818 - root - INFO - modeling, start tuning
2024-11-13 21:26:10,818 - root - INFO - modeling, start tuning
2024-11-13 21:28:19,903 - root - INFO - modeling, start tuning
2024-11-13 21:28:19,903 - root - INFO - modeling, start tuning
2024-11-13 21:28:19,903 - root - INFO - modeling, start tuning
2024-11-13 21:31:01,193 - root - INFO - modeling, start tuning
2024-11-13 21:31:01,193 - root - INFO - modeling, start tuning
2024-11-13 21:31:01,193 - root - INFO - modeling, start tuning
2024-11-13 21:32:29,692 - root - INFO - modeling, start tuning
2024-11-13 21:32:29,692 - root - INFO - modeling, start tuning
2024-11-13 21:32:29,692 - root - INFO - modeling, start tuning
2024-11-13 21:34:57,546 - root - INFO - modeling, start tuning
2024-11-13 21:34:57,546 - root - INFO - modeling, start tuning
2024-11-13 21:34:57,546 - root - INFO - modeling, start tuning
2024-11-13 21:37:00,983 - root - INFO - modeling, start tuning
2024-11-13 21:37:00,983 - root - INFO - modeling, start tuning
2024-11-13 21:37:00,983 - root - INFO - modeling, start tuning
2024-11-13 21:38:58,984 - root - INFO - modeling, start tuning
2024-11-13 21:38:58,984 - root - INFO - modeling, start tuning
2024-11-13 21:38:58,984 - root - INFO - modeling, start tuning
2024-11-13 21:41:04,207 - root - INFO - modeling, start tuning
2024-11-13 21:41:04,207 - root - INFO - modeling, start tuning
2024-11-13 21:41:04,207 - root - INFO - modeling, start tuning
2024-11-13 21:43:04,170 - root - INFO - modeling, start tuning
2024-11-13 21:43:04,170 - root - INFO - modeling, start tuning
2024-11-13 21:43:04,170 - root - INFO - modeling, start tuning
2024-11-13 21:47:17,120 - root - INFO - modeling, start tuning
2024-11-13 21:47:17,120 - root - INFO - modeling, start tuning
2024-11-13 21:47:17,120 - root - INFO - modeling, start tuning
2024-11-13 21:49:05,415 - root - INFO - modeling, start tuning
2024-11-13 21:49:05,415 - root - INFO - modeling, start tuning
2024-11-13 21:49:05,415 - root - INFO - modeling, start tuning
2024-11-13 21:51:11,064 - root - INFO - modeling, start tuning
2024-11-13 21:51:11,064 - root - INFO - modeling, start tuning
2024-11-13 21:51:11,064 - root - INFO - modeling, start tuning
2024-11-13 21:52:57,337 - root - INFO - modeling, start tuning
2024-11-13 21:52:57,337 - root - INFO - modeling, start tuning
2024-11-13 21:52:57,337 - root - INFO - modeling, start tuning
2024-11-13 21:54:46,040 - root - INFO - modeling, start tuning
2024-11-13 21:54:46,040 - root - INFO - modeling, start tuning
2024-11-13 21:54:46,040 - root - INFO - modeling, start tuning
2024-11-13 21:56:52,878 - root - INFO - modeling, start tuning
2024-11-13 21:56:52,878 - root - INFO - modeling, start tuning
2024-11-13 21:56:52,878 - root - INFO - modeling, start tuning
2024-11-13 21:59:04,634 - root - INFO - modeling, start tuning
2024-11-13 21:59:04,634 - root - INFO - modeling, start tuning
2024-11-13 21:59:04,634 - root - INFO - modeling, start tuning
2024-11-13 22:01:14,098 - root - INFO - modeling, start tuning
2024-11-13 22:01:14,098 - root - INFO - modeling, start tuning
2024-11-13 22:01:14,098 - root - INFO - modeling, start tuning
2024-11-13 22:03:47,492 - root - INFO - modeling, start tuning
2024-11-13 22:03:47,492 - root - INFO - modeling, start tuning
2024-11-13 22:03:47,492 - root - INFO - modeling, start tuning
2024-11-13 22:05:25,032 - root - INFO - modeling, start tuning
2024-11-13 22:05:25,032 - root - INFO - modeling, start tuning
2024-11-13 22:05:25,032 - root - INFO - modeling, start tuning
2024-11-13 22:06:49,226 - root - INFO - modeling, start tuning
2024-11-13 22:06:49,226 - root - INFO - modeling, start tuning
2024-11-13 22:06:49,226 - root - INFO - modeling, start tuning
2024-11-13 22:09:10,898 - root - INFO - modeling, start tuning
2024-11-13 22:09:10,898 - root - INFO - modeling, start tuning
2024-11-13 22:09:10,898 - root - INFO - modeling, start tuning
2024-11-13 22:11:20,970 - root - INFO - modeling, start tuning
2024-11-13 22:11:20,970 - root - INFO - modeling, start tuning
2024-11-13 22:11:20,970 - root - INFO - modeling, start tuning
2024-11-13 22:13:48,371 - root - INFO - modeling, start tuning
2024-11-13 22:13:48,371 - root - INFO - modeling, start tuning
2024-11-13 22:13:48,371 - root - INFO - modeling, start tuning
2024-11-13 22:17:17,119 - root - INFO - modeling, start tuning
2024-11-13 22:17:17,119 - root - INFO - modeling, start tuning
2024-11-13 22:17:17,119 - root - INFO - modeling, start tuning
2024-11-13 22:19:24,514 - root - INFO - modeling, start tuning
2024-11-13 22:19:24,514 - root - INFO - modeling, start tuning
2024-11-13 22:19:24,514 - root - INFO - modeling, start tuning
2024-11-13 22:21:41,494 - root - INFO - modeling, start tuning
2024-11-13 22:21:41,494 - root - INFO - modeling, start tuning
2024-11-13 22:21:41,494 - root - INFO - modeling, start tuning
2024-11-13 22:24:03,021 - root - INFO - modeling, start tuning
2024-11-13 22:24:03,021 - root - INFO - modeling, start tuning
2024-11-13 22:24:03,021 - root - INFO - modeling, start tuning
2024-11-13 22:26:09,676 - root - INFO - modeling, start tuning
2024-11-13 22:26:09,676 - root - INFO - modeling, start tuning
2024-11-13 22:26:09,676 - root - INFO - modeling, start tuning
2024-11-13 22:27:21,925 - root - INFO - modeling, start tuning
2024-11-13 22:27:21,925 - root - INFO - modeling, start tuning
2024-11-13 22:27:21,925 - root - INFO - modeling, start tuning
2024-11-13 22:29:16,912 - root - INFO - modeling, start tuning
2024-11-13 22:29:16,912 - root - INFO - modeling, start tuning
2024-11-13 22:29:16,912 - root - INFO - modeling, start tuning
2024-11-13 22:31:05,978 - root - INFO - modeling, start tuning
2024-11-13 22:31:05,978 - root - INFO - modeling, start tuning
2024-11-13 22:31:05,978 - root - INFO - modeling, start tuning
2024-11-13 22:33:25,031 - root - INFO - modeling, start tuning
2024-11-13 22:33:25,031 - root - INFO - modeling, start tuning
2024-11-13 22:33:25,031 - root - INFO - modeling, start tuning
2024-11-13 22:34:22,959 - root - INFO - modeling, start tuning
2024-11-13 22:34:22,959 - root - INFO - modeling, start tuning
2024-11-13 22:34:22,959 - root - INFO - modeling, start tuning
2024-11-13 22:37:02,595 - root - INFO - modeling, start tuning
2024-11-13 22:37:02,595 - root - INFO - modeling, start tuning
2024-11-13 22:37:02,595 - root - INFO - modeling, start tuning
2024-11-13 22:39:10,927 - root - INFO - modeling, start tuning
2024-11-13 22:39:10,927 - root - INFO - modeling, start tuning
2024-11-13 22:39:10,927 - root - INFO - modeling, start tuning
2024-11-13 22:41:10,357 - root - INFO - modeling, start tuning
2024-11-13 22:41:10,357 - root - INFO - modeling, start tuning
2024-11-13 22:41:10,357 - root - INFO - modeling, start tuning
2024-11-13 22:43:38,820 - root - INFO - modeling, start tuning
2024-11-13 22:43:38,820 - root - INFO - modeling, start tuning
2024-11-13 22:43:38,820 - root - INFO - modeling, start tuning
2024-11-13 22:45:43,545 - root - INFO - modeling, start tuning
2024-11-13 22:45:43,545 - root - INFO - modeling, start tuning
2024-11-13 22:45:43,545 - root - INFO - modeling, start tuning
2024-11-13 22:47:56,184 - root - INFO - modeling, start tuning
2024-11-13 22:47:56,184 - root - INFO - modeling, start tuning
2024-11-13 22:47:56,184 - root - INFO - modeling, start tuning
2024-11-13 22:50:03,174 - root - INFO - modeling, start tuning
2024-11-13 22:50:03,174 - root - INFO - modeling, start tuning
2024-11-13 22:50:03,174 - root - INFO - modeling, start tuning
2024-11-13 22:52:15,959 - root - INFO - modeling, start tuning
2024-11-13 22:52:15,959 - root - INFO - modeling, start tuning
2024-11-13 22:52:15,959 - root - INFO - modeling, start tuning
2024-11-13 22:54:24,222 - root - INFO - modeling, start tuning
2024-11-13 22:54:24,222 - root - INFO - modeling, start tuning
2024-11-13 22:54:24,222 - root - INFO - modeling, start tuning
2024-11-13 22:56:58,472 - root - INFO - Best parameters: {'model': 'lightgbm', 'num_leaves': 142, 'learning_rate': 0.058676518772925734, 'n_estimators': 291}
2024-11-13 22:56:58,472 - root - INFO - Best parameters: {'model': 'lightgbm', 'num_leaves': 142, 'learning_rate': 0.058676518772925734, 'n_estimators': 291}
2024-11-13 22:56:58,472 - root - INFO - Best parameters: {'model': 'lightgbm', 'num_leaves': 142, 'learning_rate': 0.058676518772925734, 'n_estimators': 291}
2024-11-13 22:59:55,420 - root - INFO - Model is saved as /home/leostuchchi/scoring_credit_default/data/models/default_0.8458_roc_auc.pkl
2024-11-13 22:59:55,420 - root - INFO - Model is saved as /home/leostuchchi/scoring_credit_default/data/models/default_0.8458_roc_auc.pkl
2024-11-13 22:59:55,420 - root - INFO - Model is saved as /home/leostuchchi/scoring_credit_default/data/models/default_0.8458_roc_auc.pkl
2024-11-13 22:59:55,588 - root - INFO - pipeline is saved as /home/leostuchchi/scoring_credit_default/data/pipe/pipe.pkl
2024-11-13 22:59:55,588 - root - INFO - pipeline is saved as /home/leostuchchi/scoring_credit_default/data/pipe/pipe.pkl
2024-11-13 22:59:55,588 - root - INFO - pipeline is saved as /home/leostuchchi/scoring_credit_default/data/pipe/pipe.pkl
2024-11-13 22:59:55,653 - root - INFO - predictions, request to predict was aggregated
2024-11-13 22:59:55,653 - root - INFO - predictions, request to predict was aggregated
2024-11-13 22:59:55,653 - root - INFO - predictions, request to predict was aggregated
2024-11-13 22:59:55,661 - root - INFO - preprocessing. new_features. created
2024-11-13 22:59:55,661 - root - INFO - preprocessing. new_features. created
2024-11-13 22:59:55,661 - root - INFO - preprocessing. new_features. created
2024-11-13 22:59:55,662 - root - INFO - predictions, preparations_predict was taken
2024-11-13 22:59:55,662 - root - INFO - predictions, preparations_predict was taken
2024-11-13 22:59:55,662 - root - INFO - predictions, preparations_predict was taken
