2024-11-17 14:22:01,207 - cron_descriptor.GetText - DEBUG - /home/leostuchchi/.local/lib/python3.10/site-packages/cron_descriptor/locale/en_US.mo Loaded
2024-11-17 14:22:01,207 - cron_descriptor.GetText - DEBUG - /home/leostuchchi/.local/lib/python3.10/site-packages/cron_descriptor/locale/en_US.mo Loaded
2024-11-17 14:22:01,207 - cron_descriptor.GetText - DEBUG - /home/leostuchchi/.local/lib/python3.10/site-packages/cron_descriptor/locale/en_US.mo Loaded
2024-11-17 14:22:01,220 - airflow.models.dagbag.DagBag - DEBUG - Loaded DAG [01m<DAG: scoring_credit_default>[22m
2024-11-17 14:22:01,220 - airflow.models.dagbag.DagBag - DEBUG - Loaded DAG [01m<DAG: scoring_credit_default>[22m
2024-11-17 14:22:01,220 - airflow.models.dagbag.DagBag - DEBUG - Loaded DAG [01m<DAG: scoring_credit_default>[22m
2024-11-17 14:22:01,222 - airflow.models.dagbag.DagBag - DEBUG - Importing [01m/home/leostuchchi/.local/lib/python3.10/site-packages/airflow/example_dags/example_task_group_decorator.py[22m
2024-11-17 14:22:01,222 - airflow.models.dagbag.DagBag - DEBUG - Importing [01m/home/leostuchchi/.local/lib/python3.10/site-packages/airflow/example_dags/example_task_group_decorator.py[22m
2024-11-17 14:22:01,222 - airflow.models.dagbag.DagBag - DEBUG - Importing [01m/home/leostuchchi/.local/lib/python3.10/site-packages/airflow/example_dags/example_task_group_decorator.py[22m
2024-11-17 14:22:01,294 - airflow.models.dagbag.DagBag - DEBUG - Loaded DAG [01m<DAG: example_task_group_decorator>[22m
2024-11-17 14:22:01,294 - airflow.models.dagbag.DagBag - DEBUG - Loaded DAG [01m<DAG: example_task_group_decorator>[22m
2024-11-17 14:22:01,294 - airflow.models.dagbag.DagBag - DEBUG - Loaded DAG [01m<DAG: example_task_group_decorator>[22m
2024-11-17 14:22:01,295 - airflow.models.dagbag.DagBag - DEBUG - Importing [01m/home/leostuchchi/.local/lib/python3.10/site-packages/airflow/example_dags/example_trigger_controller_dag.py[22m
2024-11-17 14:22:01,295 - airflow.models.dagbag.DagBag - DEBUG - Importing [01m/home/leostuchchi/.local/lib/python3.10/site-packages/airflow/example_dags/example_trigger_controller_dag.py[22m
2024-11-17 14:22:01,295 - airflow.models.dagbag.DagBag - DEBUG - Importing [01m/home/leostuchchi/.local/lib/python3.10/site-packages/airflow/example_dags/example_trigger_controller_dag.py[22m
2024-11-17 14:22:01,305 - airflow.models.dagbag.DagBag - DEBUG - Loaded DAG [01m<DAG: example_trigger_controller_dag>[22m
2024-11-17 14:22:01,305 - airflow.models.dagbag.DagBag - DEBUG - Loaded DAG [01m<DAG: example_trigger_controller_dag>[22m
2024-11-17 14:22:01,305 - airflow.models.dagbag.DagBag - DEBUG - Loaded DAG [01m<DAG: example_trigger_controller_dag>[22m
2024-11-17 14:22:01,306 - airflow.models.dagbag.DagBag - DEBUG - Importing [01m/home/leostuchchi/.local/lib/python3.10/site-packages/airflow/example_dags/tutorial_dag.py[22m
2024-11-17 14:22:01,306 - airflow.models.dagbag.DagBag - DEBUG - Importing [01m/home/leostuchchi/.local/lib/python3.10/site-packages/airflow/example_dags/tutorial_dag.py[22m
2024-11-17 14:22:01,306 - airflow.models.dagbag.DagBag - DEBUG - Importing [01m/home/leostuchchi/.local/lib/python3.10/site-packages/airflow/example_dags/tutorial_dag.py[22m
2024-11-17 14:22:01,310 - airflow.models.dagbag.DagBag - DEBUG - Loaded DAG [01m<DAG: tutorial_dag>[22m
2024-11-17 14:22:01,310 - airflow.models.dagbag.DagBag - DEBUG - Loaded DAG [01m<DAG: tutorial_dag>[22m
2024-11-17 14:22:01,310 - airflow.models.dagbag.DagBag - DEBUG - Loaded DAG [01m<DAG: tutorial_dag>[22m
2024-11-17 14:22:01,311 - airflow.models.dagbag.DagBag - DEBUG - Importing [01m/home/leostuchchi/.local/lib/python3.10/site-packages/airflow/example_dags/tutorial_taskflow_api.py[22m
2024-11-17 14:22:01,311 - airflow.models.dagbag.DagBag - DEBUG - Importing [01m/home/leostuchchi/.local/lib/python3.10/site-packages/airflow/example_dags/tutorial_taskflow_api.py[22m
2024-11-17 14:22:01,311 - airflow.models.dagbag.DagBag - DEBUG - Importing [01m/home/leostuchchi/.local/lib/python3.10/site-packages/airflow/example_dags/tutorial_taskflow_api.py[22m
2024-11-17 14:22:01,316 - airflow.models.dagbag.DagBag - DEBUG - Loaded DAG [01m<DAG: tutorial_taskflow_api>[22m
2024-11-17 14:22:01,316 - airflow.models.dagbag.DagBag - DEBUG - Loaded DAG [01m<DAG: tutorial_taskflow_api>[22m
2024-11-17 14:22:01,316 - airflow.models.dagbag.DagBag - DEBUG - Loaded DAG [01m<DAG: tutorial_taskflow_api>[22m
2024-11-17 14:22:01,317 - airflow.models.dagbag.DagBag - DEBUG - Importing [01m/home/leostuchchi/.local/lib/python3.10/site-packages/airflow/example_dags/example_sensor_decorator.py[22m
2024-11-17 14:22:01,317 - airflow.models.dagbag.DagBag - DEBUG - Importing [01m/home/leostuchchi/.local/lib/python3.10/site-packages/airflow/example_dags/example_sensor_decorator.py[22m
2024-11-17 14:22:01,317 - airflow.models.dagbag.DagBag - DEBUG - Importing [01m/home/leostuchchi/.local/lib/python3.10/site-packages/airflow/example_dags/example_sensor_decorator.py[22m
2024-11-17 14:22:01,320 - airflow.models.dagbag.DagBag - DEBUG - Loaded DAG [01m<DAG: example_sensor_decorator>[22m
2024-11-17 14:22:01,320 - airflow.models.dagbag.DagBag - DEBUG - Loaded DAG [01m<DAG: example_sensor_decorator>[22m
2024-11-17 14:22:01,320 - airflow.models.dagbag.DagBag - DEBUG - Loaded DAG [01m<DAG: example_sensor_decorator>[22m
2024-11-17 14:22:01,321 - airflow.models.dagbag.DagBag - DEBUG - Importing [01m/home/leostuchchi/.local/lib/python3.10/site-packages/airflow/example_dags/example_xcom.py[22m
2024-11-17 14:22:01,321 - airflow.models.dagbag.DagBag - DEBUG - Importing [01m/home/leostuchchi/.local/lib/python3.10/site-packages/airflow/example_dags/example_xcom.py[22m
2024-11-17 14:22:01,321 - airflow.models.dagbag.DagBag - DEBUG - Importing [01m/home/leostuchchi/.local/lib/python3.10/site-packages/airflow/example_dags/example_xcom.py[22m
2024-11-17 14:22:01,330 - airflow.models.dagbag.DagBag - DEBUG - Loaded DAG [01m<DAG: example_xcom>[22m
2024-11-17 14:22:01,330 - airflow.models.dagbag.DagBag - DEBUG - Loaded DAG [01m<DAG: example_xcom>[22m
2024-11-17 14:22:01,330 - airflow.models.dagbag.DagBag - DEBUG - Loaded DAG [01m<DAG: example_xcom>[22m
2024-11-17 14:22:01,332 - airflow.models.dagbag.DagBag - DEBUG - Importing [01m/home/leostuchchi/.local/lib/python3.10/site-packages/airflow/example_dags/example_setup_teardown.py[22m
2024-11-17 14:22:01,332 - airflow.models.dagbag.DagBag - DEBUG - Importing [01m/home/leostuchchi/.local/lib/python3.10/site-packages/airflow/example_dags/example_setup_teardown.py[22m
2024-11-17 14:22:01,332 - airflow.models.dagbag.DagBag - DEBUG - Importing [01m/home/leostuchchi/.local/lib/python3.10/site-packages/airflow/example_dags/example_setup_teardown.py[22m
2024-11-17 14:22:01,336 - airflow.models.dagbag.DagBag - DEBUG - Loaded DAG [01m<DAG: example_setup_teardown>[22m
2024-11-17 14:22:01,336 - airflow.models.dagbag.DagBag - DEBUG - Loaded DAG [01m<DAG: example_setup_teardown>[22m
2024-11-17 14:22:01,336 - airflow.models.dagbag.DagBag - DEBUG - Loaded DAG [01m<DAG: example_setup_teardown>[22m
2024-11-17 14:22:01,337 - airflow.models.dagbag.DagBag - DEBUG - Importing [01m/home/leostuchchi/.local/lib/python3.10/site-packages/airflow/example_dags/example_subdag_operator.py[22m
2024-11-17 14:22:01,337 - airflow.models.dagbag.DagBag - DEBUG - Importing [01m/home/leostuchchi/.local/lib/python3.10/site-packages/airflow/example_dags/example_subdag_operator.py[22m
2024-11-17 14:22:01,337 - airflow.models.dagbag.DagBag - DEBUG - Importing [01m/home/leostuchchi/.local/lib/python3.10/site-packages/airflow/example_dags/example_subdag_operator.py[22m
2024-11-17 14:22:01,342 - cron_descriptor.GetText - DEBUG - /home/leostuchchi/.local/lib/python3.10/site-packages/cron_descriptor/locale/en_US.mo Loaded
2024-11-17 14:22:01,342 - cron_descriptor.GetText - DEBUG - /home/leostuchchi/.local/lib/python3.10/site-packages/cron_descriptor/locale/en_US.mo Loaded
2024-11-17 14:22:01,342 - cron_descriptor.GetText - DEBUG - /home/leostuchchi/.local/lib/python3.10/site-packages/cron_descriptor/locale/en_US.mo Loaded
2024-11-17 14:22:01,566 - cron_descriptor.GetText - DEBUG - /home/leostuchchi/.local/lib/python3.10/site-packages/cron_descriptor/locale/en_US.mo Loaded
2024-11-17 14:22:01,566 - cron_descriptor.GetText - DEBUG - /home/leostuchchi/.local/lib/python3.10/site-packages/cron_descriptor/locale/en_US.mo Loaded
2024-11-17 14:22:01,566 - cron_descriptor.GetText - DEBUG - /home/leostuchchi/.local/lib/python3.10/site-packages/cron_descriptor/locale/en_US.mo Loaded
2024-11-17 14:22:01,575 - airflow.models.dagbag.DagBag - DEBUG - Loaded DAG [01m<DAG: example_subdag_operator.section-1>[22m
2024-11-17 14:22:01,575 - airflow.models.dagbag.DagBag - DEBUG - Loaded DAG [01m<DAG: example_subdag_operator.section-1>[22m
2024-11-17 14:22:01,575 - airflow.models.dagbag.DagBag - DEBUG - Loaded DAG [01m<DAG: example_subdag_operator.section-1>[22m
2024-11-17 14:22:01,576 - airflow.models.dagbag.DagBag - DEBUG - Loaded DAG [01m<DAG: example_subdag_operator.section-2>[22m
2024-11-17 14:22:01,576 - airflow.models.dagbag.DagBag - DEBUG - Loaded DAG [01m<DAG: example_subdag_operator.section-2>[22m
2024-11-17 14:22:01,576 - airflow.models.dagbag.DagBag - DEBUG - Loaded DAG [01m<DAG: example_subdag_operator.section-2>[22m
2024-11-17 14:22:01,576 - airflow.models.dagbag.DagBag - DEBUG - Loaded DAG [01m<DAG: example_subdag_operator>[22m
2024-11-17 14:22:01,576 - airflow.models.dagbag.DagBag - DEBUG - Loaded DAG [01m<DAG: example_subdag_operator>[22m
2024-11-17 14:22:01,576 - airflow.models.dagbag.DagBag - DEBUG - Loaded DAG [01m<DAG: example_subdag_operator>[22m
2024-11-17 14:22:01,577 - airflow.models.dagbag.DagBag - DEBUG - Importing [01m/home/leostuchchi/.local/lib/python3.10/site-packages/airflow/example_dags/example_python_decorator.py[22m
2024-11-17 14:22:01,577 - airflow.models.dagbag.DagBag - DEBUG - Importing [01m/home/leostuchchi/.local/lib/python3.10/site-packages/airflow/example_dags/example_python_decorator.py[22m
2024-11-17 14:22:01,577 - airflow.models.dagbag.DagBag - DEBUG - Importing [01m/home/leostuchchi/.local/lib/python3.10/site-packages/airflow/example_dags/example_python_decorator.py[22m
2024-11-17 14:22:01,605 - airflow.models.dagbag.DagBag - DEBUG - Loaded DAG [01m<DAG: example_python_decorator>[22m
2024-11-17 14:22:01,605 - airflow.models.dagbag.DagBag - DEBUG - Loaded DAG [01m<DAG: example_python_decorator>[22m
2024-11-17 14:22:01,605 - airflow.models.dagbag.DagBag - DEBUG - Loaded DAG [01m<DAG: example_python_decorator>[22m
2024-11-17 14:22:01,607 - airflow.models.dagbag.DagBag - DEBUG - Importing [01m/home/leostuchchi/.local/lib/python3.10/site-packages/airflow/example_dags/example_python_operator.py[22m
2024-11-17 14:22:01,607 - airflow.models.dagbag.DagBag - DEBUG - Importing [01m/home/leostuchchi/.local/lib/python3.10/site-packages/airflow/example_dags/example_python_operator.py[22m
2024-11-17 14:22:01,607 - airflow.models.dagbag.DagBag - DEBUG - Importing [01m/home/leostuchchi/.local/lib/python3.10/site-packages/airflow/example_dags/example_python_operator.py[22m
2024-11-17 14:22:01,614 - airflow.models.dagbag.DagBag - DEBUG - Loaded DAG [01m<DAG: example_python_operator>[22m
2024-11-17 14:22:01,614 - airflow.models.dagbag.DagBag - DEBUG - Loaded DAG [01m<DAG: example_python_operator>[22m
2024-11-17 14:22:01,614 - airflow.models.dagbag.DagBag - DEBUG - Loaded DAG [01m<DAG: example_python_operator>[22m
2024-11-17 14:22:01,615 - airflow.models.dagbag.DagBag - DEBUG - Importing [01m/home/leostuchchi/.local/lib/python3.10/site-packages/airflow/example_dags/example_trigger_target_dag.py[22m
2024-11-17 14:22:01,615 - airflow.models.dagbag.DagBag - DEBUG - Importing [01m/home/leostuchchi/.local/lib/python3.10/site-packages/airflow/example_dags/example_trigger_target_dag.py[22m
2024-11-17 14:22:01,615 - airflow.models.dagbag.DagBag - DEBUG - Importing [01m/home/leostuchchi/.local/lib/python3.10/site-packages/airflow/example_dags/example_trigger_target_dag.py[22m
2024-11-17 14:22:01,618 - airflow.models.dagbag.DagBag - DEBUG - Loaded DAG [01m<DAG: example_trigger_target_dag>[22m
2024-11-17 14:22:01,618 - airflow.models.dagbag.DagBag - DEBUG - Loaded DAG [01m<DAG: example_trigger_target_dag>[22m
2024-11-17 14:22:01,618 - airflow.models.dagbag.DagBag - DEBUG - Loaded DAG [01m<DAG: example_trigger_target_dag>[22m
2024-11-17 14:22:01,619 - airflow.models.dagbag.DagBag - DEBUG - Importing [01m/home/leostuchchi/.local/lib/python3.10/site-packages/airflow/example_dags/example_branch_python_dop_operator_3.py[22m
2024-11-17 14:22:01,619 - airflow.models.dagbag.DagBag - DEBUG - Importing [01m/home/leostuchchi/.local/lib/python3.10/site-packages/airflow/example_dags/example_branch_python_dop_operator_3.py[22m
2024-11-17 14:22:01,619 - airflow.models.dagbag.DagBag - DEBUG - Importing [01m/home/leostuchchi/.local/lib/python3.10/site-packages/airflow/example_dags/example_branch_python_dop_operator_3.py[22m
2024-11-17 14:22:01,621 - cron_descriptor.GetText - DEBUG - /home/leostuchchi/.local/lib/python3.10/site-packages/cron_descriptor/locale/en_US.mo Loaded
2024-11-17 14:22:01,621 - cron_descriptor.GetText - DEBUG - /home/leostuchchi/.local/lib/python3.10/site-packages/cron_descriptor/locale/en_US.mo Loaded
2024-11-17 14:22:01,621 - cron_descriptor.GetText - DEBUG - /home/leostuchchi/.local/lib/python3.10/site-packages/cron_descriptor/locale/en_US.mo Loaded
2024-11-17 14:22:01,629 - airflow.models.dagbag.DagBag - DEBUG - Loaded DAG [01m<DAG: example_branch_dop_operator_v3>[22m
2024-11-17 14:22:01,629 - airflow.models.dagbag.DagBag - DEBUG - Loaded DAG [01m<DAG: example_branch_dop_operator_v3>[22m
2024-11-17 14:22:01,629 - airflow.models.dagbag.DagBag - DEBUG - Loaded DAG [01m<DAG: example_branch_dop_operator_v3>[22m
2024-11-17 14:22:01,631 - airflow.models.dagbag.DagBag - DEBUG - Importing [01m/home/leostuchchi/.local/lib/python3.10/site-packages/airflow/example_dags/example_short_circuit_operator.py[22m
2024-11-17 14:22:01,631 - airflow.models.dagbag.DagBag - DEBUG - Importing [01m/home/leostuchchi/.local/lib/python3.10/site-packages/airflow/example_dags/example_short_circuit_operator.py[22m
2024-11-17 14:22:01,631 - airflow.models.dagbag.DagBag - DEBUG - Importing [01m/home/leostuchchi/.local/lib/python3.10/site-packages/airflow/example_dags/example_short_circuit_operator.py[22m
2024-11-17 14:22:01,639 - airflow.models.dagbag.DagBag - DEBUG - Loaded DAG [01m<DAG: example_short_circuit_operator>[22m
2024-11-17 14:22:01,639 - airflow.models.dagbag.DagBag - DEBUG - Loaded DAG [01m<DAG: example_short_circuit_operator>[22m
2024-11-17 14:22:01,639 - airflow.models.dagbag.DagBag - DEBUG - Loaded DAG [01m<DAG: example_short_circuit_operator>[22m
2024-11-17 14:22:01,640 - airflow.models.dagbag.DagBag - DEBUG - Importing [01m/home/leostuchchi/.local/lib/python3.10/site-packages/airflow/example_dags/tutorial_objectstorage.py[22m
2024-11-17 14:22:01,640 - airflow.models.dagbag.DagBag - DEBUG - Importing [01m/home/leostuchchi/.local/lib/python3.10/site-packages/airflow/example_dags/tutorial_objectstorage.py[22m
2024-11-17 14:22:01,640 - airflow.models.dagbag.DagBag - DEBUG - Importing [01m/home/leostuchchi/.local/lib/python3.10/site-packages/airflow/example_dags/tutorial_objectstorage.py[22m
2024-11-17 14:22:01,740 - airflow.models.dagbag.DagBag - DEBUG - Loaded DAG [01m<DAG: tutorial_objectstorage>[22m
2024-11-17 14:22:01,740 - airflow.models.dagbag.DagBag - DEBUG - Loaded DAG [01m<DAG: tutorial_objectstorage>[22m
2024-11-17 14:22:01,740 - airflow.models.dagbag.DagBag - DEBUG - Loaded DAG [01m<DAG: tutorial_objectstorage>[22m
2024-11-17 14:22:01,741 - airflow.models.dagbag.DagBag - DEBUG - Importing [01m/home/leostuchchi/.local/lib/python3.10/site-packages/airflow/example_dags/tutorial_taskflow_api_virtualenv.py[22m
2024-11-17 14:22:01,741 - airflow.models.dagbag.DagBag - DEBUG - Importing [01m/home/leostuchchi/.local/lib/python3.10/site-packages/airflow/example_dags/tutorial_taskflow_api_virtualenv.py[22m
2024-11-17 14:22:01,741 - airflow.models.dagbag.DagBag - DEBUG - Importing [01m/home/leostuchchi/.local/lib/python3.10/site-packages/airflow/example_dags/tutorial_taskflow_api_virtualenv.py[22m
2024-11-17 14:22:01,746 - airflow.models.dagbag.DagBag - DEBUG - Loaded DAG [01m<DAG: tutorial_taskflow_api_virtualenv>[22m
2024-11-17 14:22:01,746 - airflow.models.dagbag.DagBag - DEBUG - Loaded DAG [01m<DAG: tutorial_taskflow_api_virtualenv>[22m
2024-11-17 14:22:01,746 - airflow.models.dagbag.DagBag - DEBUG - Loaded DAG [01m<DAG: tutorial_taskflow_api_virtualenv>[22m
2024-11-17 14:22:01,748 - airflow.models.dagbag.DagBag - DEBUG - Importing [01m/home/leostuchchi/.local/lib/python3.10/site-packages/airflow/example_dags/example_sensors.py[22m
2024-11-17 14:22:01,748 - airflow.models.dagbag.DagBag - DEBUG - Importing [01m/home/leostuchchi/.local/lib/python3.10/site-packages/airflow/example_dags/example_sensors.py[22m
2024-11-17 14:22:01,748 - airflow.models.dagbag.DagBag - DEBUG - Importing [01m/home/leostuchchi/.local/lib/python3.10/site-packages/airflow/example_dags/example_sensors.py[22m
2024-11-17 14:22:01,774 - airflow.models.dagbag.DagBag - DEBUG - Loaded DAG [01m<DAG: example_sensors>[22m
2024-11-17 14:22:01,774 - airflow.models.dagbag.DagBag - DEBUG - Loaded DAG [01m<DAG: example_sensors>[22m
2024-11-17 14:22:01,774 - airflow.models.dagbag.DagBag - DEBUG - Loaded DAG [01m<DAG: example_sensors>[22m
2024-11-17 14:22:01,775 - airflow.models.dagbag.DagBag - DEBUG - Importing [01m/home/leostuchchi/.local/lib/python3.10/site-packages/airflow/example_dags/example_setup_teardown_taskflow.py[22m
2024-11-17 14:22:01,775 - airflow.models.dagbag.DagBag - DEBUG - Importing [01m/home/leostuchchi/.local/lib/python3.10/site-packages/airflow/example_dags/example_setup_teardown_taskflow.py[22m
2024-11-17 14:22:01,775 - airflow.models.dagbag.DagBag - DEBUG - Importing [01m/home/leostuchchi/.local/lib/python3.10/site-packages/airflow/example_dags/example_setup_teardown_taskflow.py[22m
2024-11-17 14:22:01,786 - airflow.models.dagbag.DagBag - DEBUG - Loaded DAG [01m<DAG: example_setup_teardown_taskflow>[22m
2024-11-17 14:22:01,786 - airflow.models.dagbag.DagBag - DEBUG - Loaded DAG [01m<DAG: example_setup_teardown_taskflow>[22m
2024-11-17 14:22:01,786 - airflow.models.dagbag.DagBag - DEBUG - Loaded DAG [01m<DAG: example_setup_teardown_taskflow>[22m
2024-11-17 14:22:01,787 - airflow.models.dagbag.DagBag - DEBUG - Importing [01m/home/leostuchchi/.local/lib/python3.10/site-packages/airflow/example_dags/example_branch_labels.py[22m
2024-11-17 14:22:01,787 - airflow.models.dagbag.DagBag - DEBUG - Importing [01m/home/leostuchchi/.local/lib/python3.10/site-packages/airflow/example_dags/example_branch_labels.py[22m
2024-11-17 14:22:01,787 - airflow.models.dagbag.DagBag - DEBUG - Importing [01m/home/leostuchchi/.local/lib/python3.10/site-packages/airflow/example_dags/example_branch_labels.py[22m
2024-11-17 14:22:01,789 - cron_descriptor.GetText - DEBUG - /home/leostuchchi/.local/lib/python3.10/site-packages/cron_descriptor/locale/en_US.mo Loaded
2024-11-17 14:22:01,789 - cron_descriptor.GetText - DEBUG - /home/leostuchchi/.local/lib/python3.10/site-packages/cron_descriptor/locale/en_US.mo Loaded
2024-11-17 14:22:01,789 - cron_descriptor.GetText - DEBUG - /home/leostuchchi/.local/lib/python3.10/site-packages/cron_descriptor/locale/en_US.mo Loaded
2024-11-17 14:22:01,794 - cron_descriptor.GetText - DEBUG - /home/leostuchchi/.local/lib/python3.10/site-packages/cron_descriptor/locale/en_US.mo Loaded
2024-11-17 14:22:01,794 - cron_descriptor.GetText - DEBUG - /home/leostuchchi/.local/lib/python3.10/site-packages/cron_descriptor/locale/en_US.mo Loaded
2024-11-17 14:22:01,794 - cron_descriptor.GetText - DEBUG - /home/leostuchchi/.local/lib/python3.10/site-packages/cron_descriptor/locale/en_US.mo Loaded
2024-11-17 14:22:01,796 - airflow.models.dagbag.DagBag - DEBUG - Loaded DAG [01m<DAG: example_branch_labels>[22m
2024-11-17 14:22:01,796 - airflow.models.dagbag.DagBag - DEBUG - Loaded DAG [01m<DAG: example_branch_labels>[22m
2024-11-17 14:22:01,796 - airflow.models.dagbag.DagBag - DEBUG - Loaded DAG [01m<DAG: example_branch_labels>[22m
2024-11-17 14:22:01,797 - airflow.models.dagbag.DagBag - DEBUG - Importing [01m/home/leostuchchi/.local/lib/python3.10/site-packages/airflow/example_dags/example_time_delta_sensor_async.py[22m
2024-11-17 14:22:01,797 - airflow.models.dagbag.DagBag - DEBUG - Importing [01m/home/leostuchchi/.local/lib/python3.10/site-packages/airflow/example_dags/example_time_delta_sensor_async.py[22m
2024-11-17 14:22:01,797 - airflow.models.dagbag.DagBag - DEBUG - Importing [01m/home/leostuchchi/.local/lib/python3.10/site-packages/airflow/example_dags/example_time_delta_sensor_async.py[22m
2024-11-17 14:22:01,800 - airflow.models.dagbag.DagBag - DEBUG - Loaded DAG [01m<DAG: example_time_delta_sensor_async>[22m
2024-11-17 14:22:01,800 - airflow.models.dagbag.DagBag - DEBUG - Loaded DAG [01m<DAG: example_time_delta_sensor_async>[22m
2024-11-17 14:22:01,800 - airflow.models.dagbag.DagBag - DEBUG - Loaded DAG [01m<DAG: example_time_delta_sensor_async>[22m
2024-11-17 14:22:01,801 - airflow.models.dagbag.DagBag - DEBUG - Importing [01m/home/leostuchchi/.local/lib/python3.10/site-packages/airflow/example_dags/example_branch_operator_decorator.py[22m
2024-11-17 14:22:01,801 - airflow.models.dagbag.DagBag - DEBUG - Importing [01m/home/leostuchchi/.local/lib/python3.10/site-packages/airflow/example_dags/example_branch_operator_decorator.py[22m
2024-11-17 14:22:01,801 - airflow.models.dagbag.DagBag - DEBUG - Importing [01m/home/leostuchchi/.local/lib/python3.10/site-packages/airflow/example_dags/example_branch_operator_decorator.py[22m
2024-11-17 14:22:01,804 - cron_descriptor.GetText - DEBUG - /home/leostuchchi/.local/lib/python3.10/site-packages/cron_descriptor/locale/en_US.mo Loaded
2024-11-17 14:22:01,804 - cron_descriptor.GetText - DEBUG - /home/leostuchchi/.local/lib/python3.10/site-packages/cron_descriptor/locale/en_US.mo Loaded
2024-11-17 14:22:01,804 - cron_descriptor.GetText - DEBUG - /home/leostuchchi/.local/lib/python3.10/site-packages/cron_descriptor/locale/en_US.mo Loaded
2024-11-17 14:22:01,832 - cron_descriptor.GetText - DEBUG - /home/leostuchchi/.local/lib/python3.10/site-packages/cron_descriptor/locale/en_US.mo Loaded
2024-11-17 14:22:01,832 - cron_descriptor.GetText - DEBUG - /home/leostuchchi/.local/lib/python3.10/site-packages/cron_descriptor/locale/en_US.mo Loaded
2024-11-17 14:22:01,832 - cron_descriptor.GetText - DEBUG - /home/leostuchchi/.local/lib/python3.10/site-packages/cron_descriptor/locale/en_US.mo Loaded
2024-11-17 14:22:01,836 - airflow.models.dagbag.DagBag - DEBUG - Loaded DAG [01m<DAG: example_branch_python_operator_decorator>[22m
2024-11-17 14:22:01,836 - airflow.models.dagbag.DagBag - DEBUG - Loaded DAG [01m<DAG: example_branch_python_operator_decorator>[22m
2024-11-17 14:22:01,836 - airflow.models.dagbag.DagBag - DEBUG - Loaded DAG [01m<DAG: example_branch_python_operator_decorator>[22m
2024-11-17 14:22:01,838 - airflow.models.dagbag.DagBag - DEBUG - Importing [01m/home/leostuchchi/.local/lib/python3.10/site-packages/airflow/example_dags/example_external_task_marker_dag.py[22m
2024-11-17 14:22:01,838 - airflow.models.dagbag.DagBag - DEBUG - Importing [01m/home/leostuchchi/.local/lib/python3.10/site-packages/airflow/example_dags/example_external_task_marker_dag.py[22m
2024-11-17 14:22:01,838 - airflow.models.dagbag.DagBag - DEBUG - Importing [01m/home/leostuchchi/.local/lib/python3.10/site-packages/airflow/example_dags/example_external_task_marker_dag.py[22m
2024-11-17 14:22:01,845 - airflow.models.dagbag.DagBag - DEBUG - Loaded DAG [01m<DAG: example_external_task_marker_child>[22m
2024-11-17 14:22:01,845 - airflow.models.dagbag.DagBag - DEBUG - Loaded DAG [01m<DAG: example_external_task_marker_child>[22m
2024-11-17 14:22:01,845 - airflow.models.dagbag.DagBag - DEBUG - Loaded DAG [01m<DAG: example_external_task_marker_child>[22m
2024-11-17 14:22:01,846 - airflow.models.dagbag.DagBag - DEBUG - Loaded DAG [01m<DAG: example_external_task_marker_parent>[22m
2024-11-17 14:22:01,846 - airflow.models.dagbag.DagBag - DEBUG - Loaded DAG [01m<DAG: example_external_task_marker_parent>[22m
2024-11-17 14:22:01,846 - airflow.models.dagbag.DagBag - DEBUG - Loaded DAG [01m<DAG: example_external_task_marker_parent>[22m
2024-11-17 14:22:01,847 - airflow.models.dagbag.DagBag - DEBUG - Importing [01m/home/leostuchchi/.local/lib/python3.10/site-packages/airflow/example_dags/example_complex.py[22m
2024-11-17 14:22:01,847 - airflow.models.dagbag.DagBag - DEBUG - Importing [01m/home/leostuchchi/.local/lib/python3.10/site-packages/airflow/example_dags/example_complex.py[22m
2024-11-17 14:22:01,847 - airflow.models.dagbag.DagBag - DEBUG - Importing [01m/home/leostuchchi/.local/lib/python3.10/site-packages/airflow/example_dags/example_complex.py[22m
2024-11-17 14:22:01,865 - airflow.models.dagbag.DagBag - DEBUG - Loaded DAG [01m<DAG: example_complex>[22m
2024-11-17 14:22:01,865 - airflow.models.dagbag.DagBag - DEBUG - Loaded DAG [01m<DAG: example_complex>[22m
2024-11-17 14:22:01,865 - airflow.models.dagbag.DagBag - DEBUG - Loaded DAG [01m<DAG: example_complex>[22m
2024-11-17 14:22:01,866 - airflow.models.dagbag.DagBag - DEBUG - Importing [01m/home/leostuchchi/.local/lib/python3.10/site-packages/airflow/example_dags/example_branch_datetime_operator.py[22m
2024-11-17 14:22:01,866 - airflow.models.dagbag.DagBag - DEBUG - Importing [01m/home/leostuchchi/.local/lib/python3.10/site-packages/airflow/example_dags/example_branch_datetime_operator.py[22m
2024-11-17 14:22:01,866 - airflow.models.dagbag.DagBag - DEBUG - Importing [01m/home/leostuchchi/.local/lib/python3.10/site-packages/airflow/example_dags/example_branch_datetime_operator.py[22m
2024-11-17 14:22:01,870 - cron_descriptor.GetText - DEBUG - /home/leostuchchi/.local/lib/python3.10/site-packages/cron_descriptor/locale/en_US.mo Loaded
2024-11-17 14:22:01,870 - cron_descriptor.GetText - DEBUG - /home/leostuchchi/.local/lib/python3.10/site-packages/cron_descriptor/locale/en_US.mo Loaded
2024-11-17 14:22:01,870 - cron_descriptor.GetText - DEBUG - /home/leostuchchi/.local/lib/python3.10/site-packages/cron_descriptor/locale/en_US.mo Loaded
2024-11-17 14:22:01,873 - cron_descriptor.GetText - DEBUG - /home/leostuchchi/.local/lib/python3.10/site-packages/cron_descriptor/locale/en_US.mo Loaded
2024-11-17 14:22:01,873 - cron_descriptor.GetText - DEBUG - /home/leostuchchi/.local/lib/python3.10/site-packages/cron_descriptor/locale/en_US.mo Loaded
2024-11-17 14:22:01,873 - cron_descriptor.GetText - DEBUG - /home/leostuchchi/.local/lib/python3.10/site-packages/cron_descriptor/locale/en_US.mo Loaded
2024-11-17 14:22:01,876 - cron_descriptor.GetText - DEBUG - /home/leostuchchi/.local/lib/python3.10/site-packages/cron_descriptor/locale/en_US.mo Loaded
2024-11-17 14:22:01,876 - cron_descriptor.GetText - DEBUG - /home/leostuchchi/.local/lib/python3.10/site-packages/cron_descriptor/locale/en_US.mo Loaded
2024-11-17 14:22:01,876 - cron_descriptor.GetText - DEBUG - /home/leostuchchi/.local/lib/python3.10/site-packages/cron_descriptor/locale/en_US.mo Loaded
2024-11-17 14:22:01,879 - cron_descriptor.GetText - DEBUG - /home/leostuchchi/.local/lib/python3.10/site-packages/cron_descriptor/locale/en_US.mo Loaded
2024-11-17 14:22:01,879 - cron_descriptor.GetText - DEBUG - /home/leostuchchi/.local/lib/python3.10/site-packages/cron_descriptor/locale/en_US.mo Loaded
2024-11-17 14:22:01,879 - cron_descriptor.GetText - DEBUG - /home/leostuchchi/.local/lib/python3.10/site-packages/cron_descriptor/locale/en_US.mo Loaded
2024-11-17 14:22:01,881 - airflow.models.dagbag.DagBag - DEBUG - Loaded DAG [01m<DAG: example_branch_datetime_operator>[22m
2024-11-17 14:22:01,881 - airflow.models.dagbag.DagBag - DEBUG - Loaded DAG [01m<DAG: example_branch_datetime_operator>[22m
2024-11-17 14:22:01,881 - airflow.models.dagbag.DagBag - DEBUG - Loaded DAG [01m<DAG: example_branch_datetime_operator>[22m
2024-11-17 14:22:01,882 - cron_descriptor.GetText - DEBUG - /home/leostuchchi/.local/lib/python3.10/site-packages/cron_descriptor/locale/en_US.mo Loaded
2024-11-17 14:22:01,882 - cron_descriptor.GetText - DEBUG - /home/leostuchchi/.local/lib/python3.10/site-packages/cron_descriptor/locale/en_US.mo Loaded
2024-11-17 14:22:01,882 - cron_descriptor.GetText - DEBUG - /home/leostuchchi/.local/lib/python3.10/site-packages/cron_descriptor/locale/en_US.mo Loaded
2024-11-17 14:22:01,885 - airflow.models.dagbag.DagBag - DEBUG - Loaded DAG [01m<DAG: example_branch_datetime_operator_2>[22m
2024-11-17 14:22:01,885 - airflow.models.dagbag.DagBag - DEBUG - Loaded DAG [01m<DAG: example_branch_datetime_operator_2>[22m
2024-11-17 14:22:01,885 - airflow.models.dagbag.DagBag - DEBUG - Loaded DAG [01m<DAG: example_branch_datetime_operator_2>[22m
2024-11-17 14:22:01,886 - cron_descriptor.GetText - DEBUG - /home/leostuchchi/.local/lib/python3.10/site-packages/cron_descriptor/locale/en_US.mo Loaded
2024-11-17 14:22:01,886 - cron_descriptor.GetText - DEBUG - /home/leostuchchi/.local/lib/python3.10/site-packages/cron_descriptor/locale/en_US.mo Loaded
2024-11-17 14:22:01,886 - cron_descriptor.GetText - DEBUG - /home/leostuchchi/.local/lib/python3.10/site-packages/cron_descriptor/locale/en_US.mo Loaded
2024-11-17 14:22:01,888 - airflow.models.dagbag.DagBag - DEBUG - Loaded DAG [01m<DAG: example_branch_datetime_operator_3>[22m
2024-11-17 14:22:01,888 - airflow.models.dagbag.DagBag - DEBUG - Loaded DAG [01m<DAG: example_branch_datetime_operator_3>[22m
2024-11-17 14:22:01,888 - airflow.models.dagbag.DagBag - DEBUG - Loaded DAG [01m<DAG: example_branch_datetime_operator_3>[22m
2024-11-17 14:22:01,889 - airflow.models.dagbag.DagBag - DEBUG - Importing [01m/home/leostuchchi/.local/lib/python3.10/site-packages/airflow/example_dags/example_xcomargs.py[22m
2024-11-17 14:22:01,889 - airflow.models.dagbag.DagBag - DEBUG - Importing [01m/home/leostuchchi/.local/lib/python3.10/site-packages/airflow/example_dags/example_xcomargs.py[22m
2024-11-17 14:22:01,889 - airflow.models.dagbag.DagBag - DEBUG - Importing [01m/home/leostuchchi/.local/lib/python3.10/site-packages/airflow/example_dags/example_xcomargs.py[22m
2024-11-17 14:22:01,896 - airflow.models.dagbag.DagBag - DEBUG - Loaded DAG [01m<DAG: example_xcom_args_with_operators>[22m
2024-11-17 14:22:01,896 - airflow.models.dagbag.DagBag - DEBUG - Loaded DAG [01m<DAG: example_xcom_args_with_operators>[22m
2024-11-17 14:22:01,896 - airflow.models.dagbag.DagBag - DEBUG - Loaded DAG [01m<DAG: example_xcom_args_with_operators>[22m
2024-11-17 14:22:01,897 - airflow.models.dagbag.DagBag - DEBUG - Loaded DAG [01m<DAG: example_xcom_args>[22m
2024-11-17 14:22:01,897 - airflow.models.dagbag.DagBag - DEBUG - Loaded DAG [01m<DAG: example_xcom_args>[22m
2024-11-17 14:22:01,897 - airflow.models.dagbag.DagBag - DEBUG - Loaded DAG [01m<DAG: example_xcom_args>[22m
2024-11-17 14:22:01,898 - airflow.models.dagbag.DagBag - DEBUG - Importing [01m/home/leostuchchi/.local/lib/python3.10/site-packages/airflow/example_dags/example_bash_operator.py[22m
2024-11-17 14:22:01,898 - airflow.models.dagbag.DagBag - DEBUG - Importing [01m/home/leostuchchi/.local/lib/python3.10/site-packages/airflow/example_dags/example_bash_operator.py[22m
2024-11-17 14:22:01,898 - airflow.models.dagbag.DagBag - DEBUG - Importing [01m/home/leostuchchi/.local/lib/python3.10/site-packages/airflow/example_dags/example_bash_operator.py[22m
2024-11-17 14:22:01,900 - cron_descriptor.GetText - DEBUG - /home/leostuchchi/.local/lib/python3.10/site-packages/cron_descriptor/locale/en_US.mo Loaded
2024-11-17 14:22:01,900 - cron_descriptor.GetText - DEBUG - /home/leostuchchi/.local/lib/python3.10/site-packages/cron_descriptor/locale/en_US.mo Loaded
2024-11-17 14:22:01,900 - cron_descriptor.GetText - DEBUG - /home/leostuchchi/.local/lib/python3.10/site-packages/cron_descriptor/locale/en_US.mo Loaded
2024-11-17 14:22:01,911 - airflow.models.dagbag.DagBag - DEBUG - Loaded DAG [01m<DAG: example_bash_operator>[22m
2024-11-17 14:22:01,911 - airflow.models.dagbag.DagBag - DEBUG - Loaded DAG [01m<DAG: example_bash_operator>[22m
2024-11-17 14:22:01,911 - airflow.models.dagbag.DagBag - DEBUG - Loaded DAG [01m<DAG: example_bash_operator>[22m
2024-11-17 14:22:01,914 - airflow.models.dagbag.DagBag - DEBUG - Loaded DAG [01m<DAG: example_bash_operator>[22m
2024-11-17 14:22:01,914 - airflow.models.dagbag.DagBag - DEBUG - Loaded DAG [01m<DAG: example_bash_operator>[22m
2024-11-17 14:22:01,914 - airflow.models.dagbag.DagBag - DEBUG - Loaded DAG [01m<DAG: example_bash_operator>[22m
2024-11-17 14:22:01,915 - airflow.models.dagbag.DagBag - DEBUG - Importing [01m/home/leostuchchi/.local/lib/python3.10/site-packages/airflow/example_dags/example_dag_decorator.py[22m
2024-11-17 14:22:01,915 - airflow.models.dagbag.DagBag - DEBUG - Importing [01m/home/leostuchchi/.local/lib/python3.10/site-packages/airflow/example_dags/example_dag_decorator.py[22m
2024-11-17 14:22:01,915 - airflow.models.dagbag.DagBag - DEBUG - Importing [01m/home/leostuchchi/.local/lib/python3.10/site-packages/airflow/example_dags/example_dag_decorator.py[22m
2024-11-17 14:22:02,143 - airflow.models.dagbag.DagBag - DEBUG - Loaded DAG [01m<DAG: example_dag_decorator>[22m
2024-11-17 14:22:02,143 - airflow.models.dagbag.DagBag - DEBUG - Loaded DAG [01m<DAG: example_dag_decorator>[22m
2024-11-17 14:22:02,143 - airflow.models.dagbag.DagBag - DEBUG - Loaded DAG [01m<DAG: example_dag_decorator>[22m
2024-11-17 14:22:02,145 - airflow.models.dagbag.DagBag - DEBUG - Importing [01m/home/leostuchchi/.local/lib/python3.10/site-packages/airflow/example_dags/example_latest_only_with_trigger.py[22m
2024-11-17 14:22:02,145 - airflow.models.dagbag.DagBag - DEBUG - Importing [01m/home/leostuchchi/.local/lib/python3.10/site-packages/airflow/example_dags/example_latest_only_with_trigger.py[22m
2024-11-17 14:22:02,145 - airflow.models.dagbag.DagBag - DEBUG - Importing [01m/home/leostuchchi/.local/lib/python3.10/site-packages/airflow/example_dags/example_latest_only_with_trigger.py[22m
2024-11-17 14:22:02,151 - airflow.models.dagbag.DagBag - DEBUG - Loaded DAG [01m<DAG: latest_only_with_trigger>[22m
2024-11-17 14:22:02,151 - airflow.models.dagbag.DagBag - DEBUG - Loaded DAG [01m<DAG: latest_only_with_trigger>[22m
2024-11-17 14:22:02,151 - airflow.models.dagbag.DagBag - DEBUG - Loaded DAG [01m<DAG: latest_only_with_trigger>[22m
2024-11-17 14:22:02,152 - airflow.models.dagbag.DagBag - DEBUG - Importing [01m/home/leostuchchi/.local/lib/python3.10/site-packages/airflow/example_dags/example_params_trigger_ui.py[22m
2024-11-17 14:22:02,152 - airflow.models.dagbag.DagBag - DEBUG - Importing [01m/home/leostuchchi/.local/lib/python3.10/site-packages/airflow/example_dags/example_params_trigger_ui.py[22m
2024-11-17 14:22:02,152 - airflow.models.dagbag.DagBag - DEBUG - Importing [01m/home/leostuchchi/.local/lib/python3.10/site-packages/airflow/example_dags/example_params_trigger_ui.py[22m
2024-11-17 14:22:02,164 - airflow.models.dagbag.DagBag - DEBUG - Loaded DAG [01m<DAG: example_params_trigger_ui>[22m
2024-11-17 14:22:02,164 - airflow.models.dagbag.DagBag - DEBUG - Loaded DAG [01m<DAG: example_params_trigger_ui>[22m
2024-11-17 14:22:02,164 - airflow.models.dagbag.DagBag - DEBUG - Loaded DAG [01m<DAG: example_params_trigger_ui>[22m
2024-11-17 14:22:02,165 - airflow.models.dagbag.DagBag - DEBUG - Importing [01m/home/leostuchchi/.local/lib/python3.10/site-packages/airflow/example_dags/example_datasets.py[22m
2024-11-17 14:22:02,165 - airflow.models.dagbag.DagBag - DEBUG - Importing [01m/home/leostuchchi/.local/lib/python3.10/site-packages/airflow/example_dags/example_datasets.py[22m
2024-11-17 14:22:02,165 - airflow.models.dagbag.DagBag - DEBUG - Importing [01m/home/leostuchchi/.local/lib/python3.10/site-packages/airflow/example_dags/example_datasets.py[22m
2024-11-17 14:22:02,168 - cron_descriptor.GetText - DEBUG - /home/leostuchchi/.local/lib/python3.10/site-packages/cron_descriptor/locale/en_US.mo Loaded
2024-11-17 14:22:02,168 - cron_descriptor.GetText - DEBUG - /home/leostuchchi/.local/lib/python3.10/site-packages/cron_descriptor/locale/en_US.mo Loaded
2024-11-17 14:22:02,168 - cron_descriptor.GetText - DEBUG - /home/leostuchchi/.local/lib/python3.10/site-packages/cron_descriptor/locale/en_US.mo Loaded
2024-11-17 14:22:02,173 - cron_descriptor.GetText - DEBUG - /home/leostuchchi/.local/lib/python3.10/site-packages/cron_descriptor/locale/en_US.mo Loaded
2024-11-17 14:22:02,173 - cron_descriptor.GetText - DEBUG - /home/leostuchchi/.local/lib/python3.10/site-packages/cron_descriptor/locale/en_US.mo Loaded
2024-11-17 14:22:02,173 - cron_descriptor.GetText - DEBUG - /home/leostuchchi/.local/lib/python3.10/site-packages/cron_descriptor/locale/en_US.mo Loaded
2024-11-17 14:22:02,174 - airflow.models.dagbag.DagBag - DEBUG - Loaded DAG [01m<DAG: dataset_produces_1>[22m
2024-11-17 14:22:02,174 - airflow.models.dagbag.DagBag - DEBUG - Loaded DAG [01m<DAG: dataset_produces_1>[22m
2024-11-17 14:22:02,174 - airflow.models.dagbag.DagBag - DEBUG - Loaded DAG [01m<DAG: dataset_produces_1>[22m
2024-11-17 14:22:02,175 - airflow.models.dagbag.DagBag - DEBUG - Loaded DAG [01m<DAG: dataset_consumes_1_and_2>[22m
2024-11-17 14:22:02,175 - airflow.models.dagbag.DagBag - DEBUG - Loaded DAG [01m<DAG: dataset_consumes_1_and_2>[22m
2024-11-17 14:22:02,175 - airflow.models.dagbag.DagBag - DEBUG - Loaded DAG [01m<DAG: dataset_consumes_1_and_2>[22m
2024-11-17 14:22:02,176 - airflow.models.dagbag.DagBag - DEBUG - Loaded DAG [01m<DAG: dataset_produces_2>[22m
2024-11-17 14:22:02,176 - airflow.models.dagbag.DagBag - DEBUG - Loaded DAG [01m<DAG: dataset_produces_2>[22m
2024-11-17 14:22:02,176 - airflow.models.dagbag.DagBag - DEBUG - Loaded DAG [01m<DAG: dataset_produces_2>[22m
2024-11-17 14:22:02,176 - airflow.models.dagbag.DagBag - DEBUG - Loaded DAG [01m<DAG: dataset_consumes_1>[22m
2024-11-17 14:22:02,176 - airflow.models.dagbag.DagBag - DEBUG - Loaded DAG [01m<DAG: dataset_consumes_1>[22m
2024-11-17 14:22:02,176 - airflow.models.dagbag.DagBag - DEBUG - Loaded DAG [01m<DAG: dataset_consumes_1>[22m
2024-11-17 14:22:02,177 - airflow.models.dagbag.DagBag - DEBUG - Loaded DAG [01m<DAG: dataset_consumes_unknown_never_scheduled>[22m
2024-11-17 14:22:02,177 - airflow.models.dagbag.DagBag - DEBUG - Loaded DAG [01m<DAG: dataset_consumes_unknown_never_scheduled>[22m
2024-11-17 14:22:02,177 - airflow.models.dagbag.DagBag - DEBUG - Loaded DAG [01m<DAG: dataset_consumes_unknown_never_scheduled>[22m
2024-11-17 14:22:02,177 - airflow.models.dagbag.DagBag - DEBUG - Loaded DAG [01m<DAG: dataset_consumes_1_never_scheduled>[22m
2024-11-17 14:22:02,177 - airflow.models.dagbag.DagBag - DEBUG - Loaded DAG [01m<DAG: dataset_consumes_1_never_scheduled>[22m
2024-11-17 14:22:02,177 - airflow.models.dagbag.DagBag - DEBUG - Loaded DAG [01m<DAG: dataset_consumes_1_never_scheduled>[22m
2024-11-17 14:22:02,178 - airflow.models.dagbag.DagBag - DEBUG - Importing [01m/home/leostuchchi/.local/lib/python3.10/site-packages/airflow/example_dags/example_branch_day_of_week_operator.py[22m
2024-11-17 14:22:02,178 - airflow.models.dagbag.DagBag - DEBUG - Importing [01m/home/leostuchchi/.local/lib/python3.10/site-packages/airflow/example_dags/example_branch_day_of_week_operator.py[22m
2024-11-17 14:22:02,178 - airflow.models.dagbag.DagBag - DEBUG - Importing [01m/home/leostuchchi/.local/lib/python3.10/site-packages/airflow/example_dags/example_branch_day_of_week_operator.py[22m
2024-11-17 14:22:02,182 - cron_descriptor.GetText - DEBUG - /home/leostuchchi/.local/lib/python3.10/site-packages/cron_descriptor/locale/en_US.mo Loaded
2024-11-17 14:22:02,182 - cron_descriptor.GetText - DEBUG - /home/leostuchchi/.local/lib/python3.10/site-packages/cron_descriptor/locale/en_US.mo Loaded
2024-11-17 14:22:02,182 - cron_descriptor.GetText - DEBUG - /home/leostuchchi/.local/lib/python3.10/site-packages/cron_descriptor/locale/en_US.mo Loaded
2024-11-17 14:22:02,186 - cron_descriptor.GetText - DEBUG - /home/leostuchchi/.local/lib/python3.10/site-packages/cron_descriptor/locale/en_US.mo Loaded
2024-11-17 14:22:02,186 - cron_descriptor.GetText - DEBUG - /home/leostuchchi/.local/lib/python3.10/site-packages/cron_descriptor/locale/en_US.mo Loaded
2024-11-17 14:22:02,186 - cron_descriptor.GetText - DEBUG - /home/leostuchchi/.local/lib/python3.10/site-packages/cron_descriptor/locale/en_US.mo Loaded
2024-11-17 14:22:02,188 - airflow.models.dagbag.DagBag - DEBUG - Loaded DAG [01m<DAG: example_weekday_branch_operator>[22m
2024-11-17 14:22:02,188 - airflow.models.dagbag.DagBag - DEBUG - Loaded DAG [01m<DAG: example_weekday_branch_operator>[22m
2024-11-17 14:22:02,188 - airflow.models.dagbag.DagBag - DEBUG - Loaded DAG [01m<DAG: example_weekday_branch_operator>[22m
2024-11-17 14:22:02,189 - airflow.models.dagbag.DagBag - DEBUG - Importing [01m/home/leostuchchi/.local/lib/python3.10/site-packages/airflow/example_dags/example_params_ui_tutorial.py[22m
2024-11-17 14:22:02,189 - airflow.models.dagbag.DagBag - DEBUG - Importing [01m/home/leostuchchi/.local/lib/python3.10/site-packages/airflow/example_dags/example_params_ui_tutorial.py[22m
2024-11-17 14:22:02,189 - airflow.models.dagbag.DagBag - DEBUG - Importing [01m/home/leostuchchi/.local/lib/python3.10/site-packages/airflow/example_dags/example_params_ui_tutorial.py[22m
2024-11-17 14:22:02,201 - airflow.models.dagbag.DagBag - DEBUG - Loaded DAG [01m<DAG: example_params_ui_tutorial>[22m
2024-11-17 14:22:02,201 - airflow.models.dagbag.DagBag - DEBUG - Loaded DAG [01m<DAG: example_params_ui_tutorial>[22m
2024-11-17 14:22:02,201 - airflow.models.dagbag.DagBag - DEBUG - Loaded DAG [01m<DAG: example_params_ui_tutorial>[22m
2024-11-17 14:22:02,202 - airflow.models.dagbag.DagBag - DEBUG - Importing [01m/home/leostuchchi/.local/lib/python3.10/site-packages/airflow/example_dags/example_sla_dag.py[22m
2024-11-17 14:22:02,202 - airflow.models.dagbag.DagBag - DEBUG - Importing [01m/home/leostuchchi/.local/lib/python3.10/site-packages/airflow/example_dags/example_sla_dag.py[22m
2024-11-17 14:22:02,202 - airflow.models.dagbag.DagBag - DEBUG - Importing [01m/home/leostuchchi/.local/lib/python3.10/site-packages/airflow/example_dags/example_sla_dag.py[22m
2024-11-17 14:22:02,204 - cron_descriptor.GetText - DEBUG - /home/leostuchchi/.local/lib/python3.10/site-packages/cron_descriptor/locale/en_US.mo Loaded
2024-11-17 14:22:02,204 - cron_descriptor.GetText - DEBUG - /home/leostuchchi/.local/lib/python3.10/site-packages/cron_descriptor/locale/en_US.mo Loaded
2024-11-17 14:22:02,204 - cron_descriptor.GetText - DEBUG - /home/leostuchchi/.local/lib/python3.10/site-packages/cron_descriptor/locale/en_US.mo Loaded
2024-11-17 14:22:02,209 - airflow.models.dagbag.DagBag - DEBUG - Loaded DAG [01m<DAG: example_sla_dag>[22m
2024-11-17 14:22:02,209 - airflow.models.dagbag.DagBag - DEBUG - Loaded DAG [01m<DAG: example_sla_dag>[22m
2024-11-17 14:22:02,209 - airflow.models.dagbag.DagBag - DEBUG - Loaded DAG [01m<DAG: example_sla_dag>[22m
2024-11-17 14:22:02,210 - airflow.models.dagbag.DagBag - DEBUG - Importing [01m/home/leostuchchi/.local/lib/python3.10/site-packages/airflow/example_dags/example_nested_branch_dag.py[22m
2024-11-17 14:22:02,210 - airflow.models.dagbag.DagBag - DEBUG - Importing [01m/home/leostuchchi/.local/lib/python3.10/site-packages/airflow/example_dags/example_nested_branch_dag.py[22m
2024-11-17 14:22:02,210 - airflow.models.dagbag.DagBag - DEBUG - Importing [01m/home/leostuchchi/.local/lib/python3.10/site-packages/airflow/example_dags/example_nested_branch_dag.py[22m
2024-11-17 14:22:02,212 - cron_descriptor.GetText - DEBUG - /home/leostuchchi/.local/lib/python3.10/site-packages/cron_descriptor/locale/en_US.mo Loaded
2024-11-17 14:22:02,212 - cron_descriptor.GetText - DEBUG - /home/leostuchchi/.local/lib/python3.10/site-packages/cron_descriptor/locale/en_US.mo Loaded
2024-11-17 14:22:02,212 - cron_descriptor.GetText - DEBUG - /home/leostuchchi/.local/lib/python3.10/site-packages/cron_descriptor/locale/en_US.mo Loaded
2024-11-17 14:22:02,219 - cron_descriptor.GetText - DEBUG - /home/leostuchchi/.local/lib/python3.10/site-packages/cron_descriptor/locale/en_US.mo Loaded
2024-11-17 14:22:02,219 - cron_descriptor.GetText - DEBUG - /home/leostuchchi/.local/lib/python3.10/site-packages/cron_descriptor/locale/en_US.mo Loaded
2024-11-17 14:22:02,219 - cron_descriptor.GetText - DEBUG - /home/leostuchchi/.local/lib/python3.10/site-packages/cron_descriptor/locale/en_US.mo Loaded
2024-11-17 14:22:02,221 - airflow.models.dagbag.DagBag - DEBUG - Loaded DAG [01m<DAG: example_nested_branch_dag>[22m
2024-11-17 14:22:02,221 - airflow.models.dagbag.DagBag - DEBUG - Loaded DAG [01m<DAG: example_nested_branch_dag>[22m
2024-11-17 14:22:02,221 - airflow.models.dagbag.DagBag - DEBUG - Loaded DAG [01m<DAG: example_nested_branch_dag>[22m
2024-11-17 14:22:02,222 - airflow.models.dagbag.DagBag - DEBUG - Importing [01m/home/leostuchchi/.local/lib/python3.10/site-packages/airflow/example_dags/tutorial.py[22m
2024-11-17 14:22:02,222 - airflow.models.dagbag.DagBag - DEBUG - Importing [01m/home/leostuchchi/.local/lib/python3.10/site-packages/airflow/example_dags/tutorial.py[22m
2024-11-17 14:22:02,222 - airflow.models.dagbag.DagBag - DEBUG - Importing [01m/home/leostuchchi/.local/lib/python3.10/site-packages/airflow/example_dags/tutorial.py[22m
2024-11-17 14:22:02,225 - airflow.models.dagbag.DagBag - DEBUG - Loaded DAG [01m<DAG: tutorial>[22m
2024-11-17 14:22:02,225 - airflow.models.dagbag.DagBag - DEBUG - Loaded DAG [01m<DAG: tutorial>[22m
2024-11-17 14:22:02,225 - airflow.models.dagbag.DagBag - DEBUG - Loaded DAG [01m<DAG: tutorial>[22m
2024-11-17 14:22:02,226 - airflow.models.dagbag.DagBag - DEBUG - Importing [01m/home/leostuchchi/.local/lib/python3.10/site-packages/airflow/example_dags/example_task_group.py[22m
2024-11-17 14:22:02,226 - airflow.models.dagbag.DagBag - DEBUG - Importing [01m/home/leostuchchi/.local/lib/python3.10/site-packages/airflow/example_dags/example_task_group.py[22m
2024-11-17 14:22:02,226 - airflow.models.dagbag.DagBag - DEBUG - Importing [01m/home/leostuchchi/.local/lib/python3.10/site-packages/airflow/example_dags/example_task_group.py[22m
2024-11-17 14:22:02,233 - airflow.models.dagbag.DagBag - DEBUG - Loaded DAG [01m<DAG: example_task_group>[22m
2024-11-17 14:22:02,233 - airflow.models.dagbag.DagBag - DEBUG - Loaded DAG [01m<DAG: example_task_group>[22m
2024-11-17 14:22:02,233 - airflow.models.dagbag.DagBag - DEBUG - Loaded DAG [01m<DAG: example_task_group>[22m
2024-11-17 14:22:02,234 - airflow.models.dagbag.DagBag - DEBUG - Importing [01m/home/leostuchchi/.local/lib/python3.10/site-packages/airflow/example_dags/example_short_circuit_decorator.py[22m
2024-11-17 14:22:02,234 - airflow.models.dagbag.DagBag - DEBUG - Importing [01m/home/leostuchchi/.local/lib/python3.10/site-packages/airflow/example_dags/example_short_circuit_decorator.py[22m
2024-11-17 14:22:02,234 - airflow.models.dagbag.DagBag - DEBUG - Importing [01m/home/leostuchchi/.local/lib/python3.10/site-packages/airflow/example_dags/example_short_circuit_decorator.py[22m
2024-11-17 14:22:02,243 - airflow.models.dagbag.DagBag - DEBUG - Loaded DAG [01m<DAG: example_short_circuit_decorator>[22m
2024-11-17 14:22:02,243 - airflow.models.dagbag.DagBag - DEBUG - Loaded DAG [01m<DAG: example_short_circuit_decorator>[22m
2024-11-17 14:22:02,243 - airflow.models.dagbag.DagBag - DEBUG - Loaded DAG [01m<DAG: example_short_circuit_decorator>[22m
2024-11-17 14:22:02,244 - airflow.models.dagbag.DagBag - DEBUG - Importing [01m/home/leostuchchi/.local/lib/python3.10/site-packages/airflow/example_dags/example_latest_only.py[22m
2024-11-17 14:22:02,244 - airflow.models.dagbag.DagBag - DEBUG - Importing [01m/home/leostuchchi/.local/lib/python3.10/site-packages/airflow/example_dags/example_latest_only.py[22m
2024-11-17 14:22:02,244 - airflow.models.dagbag.DagBag - DEBUG - Importing [01m/home/leostuchchi/.local/lib/python3.10/site-packages/airflow/example_dags/example_latest_only.py[22m
2024-11-17 14:22:02,247 - airflow.models.dagbag.DagBag - DEBUG - Loaded DAG [01m<DAG: latest_only>[22m
2024-11-17 14:22:02,247 - airflow.models.dagbag.DagBag - DEBUG - Loaded DAG [01m<DAG: latest_only>[22m
2024-11-17 14:22:02,247 - airflow.models.dagbag.DagBag - DEBUG - Loaded DAG [01m<DAG: latest_only>[22m
2024-11-17 14:22:02,248 - airflow.models.dagbag.DagBag - DEBUG - Importing [01m/home/leostuchchi/.local/lib/python3.10/site-packages/airflow/example_dags/example_passing_params_via_test_command.py[22m
2024-11-17 14:22:02,248 - airflow.models.dagbag.DagBag - DEBUG - Importing [01m/home/leostuchchi/.local/lib/python3.10/site-packages/airflow/example_dags/example_passing_params_via_test_command.py[22m
2024-11-17 14:22:02,248 - airflow.models.dagbag.DagBag - DEBUG - Importing [01m/home/leostuchchi/.local/lib/python3.10/site-packages/airflow/example_dags/example_passing_params_via_test_command.py[22m
2024-11-17 14:22:02,250 - cron_descriptor.GetText - DEBUG - /home/leostuchchi/.local/lib/python3.10/site-packages/cron_descriptor/locale/en_US.mo Loaded
2024-11-17 14:22:02,250 - cron_descriptor.GetText - DEBUG - /home/leostuchchi/.local/lib/python3.10/site-packages/cron_descriptor/locale/en_US.mo Loaded
2024-11-17 14:22:02,250 - cron_descriptor.GetText - DEBUG - /home/leostuchchi/.local/lib/python3.10/site-packages/cron_descriptor/locale/en_US.mo Loaded
2024-11-17 14:22:02,257 - airflow.models.dagbag.DagBag - DEBUG - Loaded DAG [01m<DAG: example_passing_params_via_test_command>[22m
2024-11-17 14:22:02,257 - airflow.models.dagbag.DagBag - DEBUG - Loaded DAG [01m<DAG: example_passing_params_via_test_command>[22m
2024-11-17 14:22:02,257 - airflow.models.dagbag.DagBag - DEBUG - Loaded DAG [01m<DAG: example_passing_params_via_test_command>[22m
2024-11-17 14:22:02,258 - airflow.models.dagbag.DagBag - DEBUG - Importing [01m/home/leostuchchi/.local/lib/python3.10/site-packages/airflow/example_dags/example_dynamic_task_mapping_with_no_taskflow_operators.py[22m
2024-11-17 14:22:02,258 - airflow.models.dagbag.DagBag - DEBUG - Importing [01m/home/leostuchchi/.local/lib/python3.10/site-packages/airflow/example_dags/example_dynamic_task_mapping_with_no_taskflow_operators.py[22m
2024-11-17 14:22:02,258 - airflow.models.dagbag.DagBag - DEBUG - Importing [01m/home/leostuchchi/.local/lib/python3.10/site-packages/airflow/example_dags/example_dynamic_task_mapping_with_no_taskflow_operators.py[22m
2024-11-17 14:22:02,262 - airflow.models.dagbag.DagBag - DEBUG - Loaded DAG [01m<DAG: example_dynamic_task_mapping_with_no_taskflow_operators>[22m
2024-11-17 14:22:02,262 - airflow.models.dagbag.DagBag - DEBUG - Loaded DAG [01m<DAG: example_dynamic_task_mapping_with_no_taskflow_operators>[22m
2024-11-17 14:22:02,262 - airflow.models.dagbag.DagBag - DEBUG - Loaded DAG [01m<DAG: example_dynamic_task_mapping_with_no_taskflow_operators>[22m
2024-11-17 14:22:02,263 - airflow.models.dagbag.DagBag - DEBUG - Importing [01m/home/leostuchchi/.local/lib/python3.10/site-packages/airflow/example_dags/example_branch_operator.py[22m
2024-11-17 14:22:02,263 - airflow.models.dagbag.DagBag - DEBUG - Importing [01m/home/leostuchchi/.local/lib/python3.10/site-packages/airflow/example_dags/example_branch_operator.py[22m
2024-11-17 14:22:02,263 - airflow.models.dagbag.DagBag - DEBUG - Importing [01m/home/leostuchchi/.local/lib/python3.10/site-packages/airflow/example_dags/example_branch_operator.py[22m
2024-11-17 14:22:02,265 - cron_descriptor.GetText - DEBUG - /home/leostuchchi/.local/lib/python3.10/site-packages/cron_descriptor/locale/en_US.mo Loaded
2024-11-17 14:22:02,265 - cron_descriptor.GetText - DEBUG - /home/leostuchchi/.local/lib/python3.10/site-packages/cron_descriptor/locale/en_US.mo Loaded
2024-11-17 14:22:02,265 - cron_descriptor.GetText - DEBUG - /home/leostuchchi/.local/lib/python3.10/site-packages/cron_descriptor/locale/en_US.mo Loaded
2024-11-17 14:22:02,281 - cron_descriptor.GetText - DEBUG - /home/leostuchchi/.local/lib/python3.10/site-packages/cron_descriptor/locale/en_US.mo Loaded
2024-11-17 14:22:02,281 - cron_descriptor.GetText - DEBUG - /home/leostuchchi/.local/lib/python3.10/site-packages/cron_descriptor/locale/en_US.mo Loaded
2024-11-17 14:22:02,281 - cron_descriptor.GetText - DEBUG - /home/leostuchchi/.local/lib/python3.10/site-packages/cron_descriptor/locale/en_US.mo Loaded
2024-11-17 14:22:02,284 - airflow.models.dagbag.DagBag - DEBUG - Loaded DAG [01m<DAG: example_branch_operator>[22m
2024-11-17 14:22:02,284 - airflow.models.dagbag.DagBag - DEBUG - Loaded DAG [01m<DAG: example_branch_operator>[22m
2024-11-17 14:22:02,284 - airflow.models.dagbag.DagBag - DEBUG - Loaded DAG [01m<DAG: example_branch_operator>[22m
2024-11-17 14:22:02,285 - airflow.models.dagbag.DagBag - DEBUG - Importing [01m/home/leostuchchi/.local/lib/python3.10/site-packages/airflow/example_dags/example_skip_dag.py[22m
2024-11-17 14:22:02,285 - airflow.models.dagbag.DagBag - DEBUG - Importing [01m/home/leostuchchi/.local/lib/python3.10/site-packages/airflow/example_dags/example_skip_dag.py[22m
2024-11-17 14:22:02,285 - airflow.models.dagbag.DagBag - DEBUG - Importing [01m/home/leostuchchi/.local/lib/python3.10/site-packages/airflow/example_dags/example_skip_dag.py[22m
2024-11-17 14:22:02,290 - airflow.models.dagbag.DagBag - DEBUG - Loaded DAG [01m<DAG: example_skip_dag>[22m
2024-11-17 14:22:02,290 - airflow.models.dagbag.DagBag - DEBUG - Loaded DAG [01m<DAG: example_skip_dag>[22m
2024-11-17 14:22:02,290 - airflow.models.dagbag.DagBag - DEBUG - Loaded DAG [01m<DAG: example_skip_dag>[22m
2024-11-17 14:22:02,291 - airflow.models.dagbag.DagBag - DEBUG - Importing [01m/home/leostuchchi/.local/lib/python3.10/site-packages/airflow/example_dags/example_dynamic_task_mapping.py[22m
2024-11-17 14:22:02,291 - airflow.models.dagbag.DagBag - DEBUG - Importing [01m/home/leostuchchi/.local/lib/python3.10/site-packages/airflow/example_dags/example_dynamic_task_mapping.py[22m
2024-11-17 14:22:02,291 - airflow.models.dagbag.DagBag - DEBUG - Importing [01m/home/leostuchchi/.local/lib/python3.10/site-packages/airflow/example_dags/example_dynamic_task_mapping.py[22m
2024-11-17 14:22:02,295 - airflow.models.dagbag.DagBag - DEBUG - Loaded DAG [01m<DAG: example_dynamic_task_mapping>[22m
2024-11-17 14:22:02,295 - airflow.models.dagbag.DagBag - DEBUG - Loaded DAG [01m<DAG: example_dynamic_task_mapping>[22m
2024-11-17 14:22:02,295 - airflow.models.dagbag.DagBag - DEBUG - Loaded DAG [01m<DAG: example_dynamic_task_mapping>[22m
2024-11-17 14:22:02,296 - airflow.models.dagbag.DagBag - DEBUG - Importing [01m/home/leostuchchi/.local/lib/python3.10/site-packages/airflow/example_dags/example_local_kubernetes_executor.py[22m
2024-11-17 14:22:02,296 - airflow.models.dagbag.DagBag - DEBUG - Importing [01m/home/leostuchchi/.local/lib/python3.10/site-packages/airflow/example_dags/example_local_kubernetes_executor.py[22m
2024-11-17 14:22:02,296 - airflow.models.dagbag.DagBag - DEBUG - Importing [01m/home/leostuchchi/.local/lib/python3.10/site-packages/airflow/example_dags/example_local_kubernetes_executor.py[22m
2024-11-17 14:22:03,396 - airflow.models.dagbag.DagBag - DEBUG - Loaded DAG [01m<DAG: example_local_kubernetes_executor>[22m
2024-11-17 14:22:03,396 - airflow.models.dagbag.DagBag - DEBUG - Loaded DAG [01m<DAG: example_local_kubernetes_executor>[22m
2024-11-17 14:22:03,396 - airflow.models.dagbag.DagBag - DEBUG - Loaded DAG [01m<DAG: example_local_kubernetes_executor>[22m
2024-11-17 14:22:03,398 - airflow.models.dagbag.DagBag - DEBUG - Importing [01m/home/leostuchchi/.local/lib/python3.10/site-packages/airflow/example_dags/example_kubernetes_executor.py[22m
2024-11-17 14:22:03,398 - airflow.models.dagbag.DagBag - DEBUG - Importing [01m/home/leostuchchi/.local/lib/python3.10/site-packages/airflow/example_dags/example_kubernetes_executor.py[22m
2024-11-17 14:22:03,398 - airflow.models.dagbag.DagBag - DEBUG - Importing [01m/home/leostuchchi/.local/lib/python3.10/site-packages/airflow/example_dags/example_kubernetes_executor.py[22m
2024-11-17 14:22:03,423 - airflow.models.dagbag.DagBag - DEBUG - Loaded DAG [01m<DAG: example_kubernetes_executor>[22m
2024-11-17 14:22:03,423 - airflow.models.dagbag.DagBag - DEBUG - Loaded DAG [01m<DAG: example_kubernetes_executor>[22m
2024-11-17 14:22:03,423 - airflow.models.dagbag.DagBag - DEBUG - Loaded DAG [01m<DAG: example_kubernetes_executor>[22m
2024-11-17 14:22:03,424 - airflow.models.dagbag.DagBag - DEBUG - Importing [01m/home/leostuchchi/.local/lib/python3.10/site-packages/airflow/example_dags/subdags/subdag.py[22m
2024-11-17 14:22:03,424 - airflow.models.dagbag.DagBag - DEBUG - Importing [01m/home/leostuchchi/.local/lib/python3.10/site-packages/airflow/example_dags/subdags/subdag.py[22m
2024-11-17 14:22:03,424 - airflow.models.dagbag.DagBag - DEBUG - Importing [01m/home/leostuchchi/.local/lib/python3.10/site-packages/airflow/example_dags/subdags/subdag.py[22m
2024-11-17 14:22:03,426 - airflow.models.dagbag.DagBag - DEBUG - Importing [01m/home/leostuchchi/.local/lib/python3.10/site-packages/airflow/example_dags/plugins/event_listener.py[22m
2024-11-17 14:22:03,426 - airflow.models.dagbag.DagBag - DEBUG - Importing [01m/home/leostuchchi/.local/lib/python3.10/site-packages/airflow/example_dags/plugins/event_listener.py[22m
2024-11-17 14:22:03,426 - airflow.models.dagbag.DagBag - DEBUG - Importing [01m/home/leostuchchi/.local/lib/python3.10/site-packages/airflow/example_dags/plugins/event_listener.py[22m
2024-11-17 14:22:03,428 - airflow.models.dagbag.DagBag - DEBUG - Importing [01m/home/leostuchchi/.local/lib/python3.10/site-packages/airflow/example_dags/plugins/listener_plugin.py[22m
2024-11-17 14:22:03,428 - airflow.models.dagbag.DagBag - DEBUG - Importing [01m/home/leostuchchi/.local/lib/python3.10/site-packages/airflow/example_dags/plugins/listener_plugin.py[22m
2024-11-17 14:22:03,428 - airflow.models.dagbag.DagBag - DEBUG - Importing [01m/home/leostuchchi/.local/lib/python3.10/site-packages/airflow/example_dags/plugins/listener_plugin.py[22m
2024-11-17 14:22:03,430 - airflow.models.dagbag.DagBag - DEBUG - Importing [01m/home/leostuchchi/.local/lib/python3.10/site-packages/airflow/example_dags/plugins/workday.py[22m
2024-11-17 14:22:03,430 - airflow.models.dagbag.DagBag - DEBUG - Importing [01m/home/leostuchchi/.local/lib/python3.10/site-packages/airflow/example_dags/plugins/workday.py[22m
2024-11-17 14:22:03,430 - airflow.models.dagbag.DagBag - DEBUG - Importing [01m/home/leostuchchi/.local/lib/python3.10/site-packages/airflow/example_dags/plugins/workday.py[22m
2024-11-17 14:22:03,502 - airflow.plugins_manager - DEBUG - Plugins are already loaded. Skipping.
2024-11-17 14:22:03,502 - airflow.plugins_manager - DEBUG - Plugins are already loaded. Skipping.
2024-11-17 14:22:03,502 - airflow.plugins_manager - DEBUG - Plugins are already loaded. Skipping.
2024-11-17 14:22:03,503 - airflow.plugins_manager - DEBUG - Integrate DAG plugins
2024-11-17 14:22:03,503 - airflow.plugins_manager - DEBUG - Integrate DAG plugins
2024-11-17 14:22:03,503 - airflow.plugins_manager - DEBUG - Integrate DAG plugins
2024-11-17 14:22:03,508 - airflow.models.taskinstance - DEBUG - previous_execution_date was called
2024-11-17 14:22:03,508 - airflow.models.taskinstance - DEBUG - previous_execution_date was called
2024-11-17 14:22:03,508 - airflow.models.taskinstance - DEBUG - previous_execution_date was called
2024-11-17 14:22:03,521 - airflow.cli.commands.task_command - INFO - Running [01m<TaskInstance: scoring_credit_default.first_task manual__2024-10-28T17:04:23.030629+00:00 [queued]>[22m on host [01mleons[22m
2024-11-17 14:22:03,521 - airflow.cli.commands.task_command - INFO - Running [01m<TaskInstance: scoring_credit_default.first_task manual__2024-10-28T17:04:23.030629+00:00 [queued]>[22m on host [01mleons[22m
2024-11-17 14:22:03,521 - airflow.cli.commands.task_command - INFO - Running [01m<TaskInstance: scoring_credit_default.first_task manual__2024-10-28T17:04:23.030629+00:00 [queued]>[22m on host [01mleons[22m
2024-11-17 14:22:03,521 - airflow.settings - DEBUG - Disposing DB connection pool (PID 15803)
2024-11-17 14:22:03,521 - airflow.settings - DEBUG - Disposing DB connection pool (PID 15803)
2024-11-17 14:22:03,521 - airflow.settings - DEBUG - Disposing DB connection pool (PID 15803)
2024-11-17 14:22:03,522 - airflow.settings - DEBUG - Setting up DB connection pool (PID 15803)
2024-11-17 14:22:03,522 - airflow.settings - DEBUG - Setting up DB connection pool (PID 15803)
2024-11-17 14:22:03,522 - airflow.settings - DEBUG - Setting up DB connection pool (PID 15803)
2024-11-17 14:22:03,523 - airflow.settings - DEBUG - settings.prepare_engine_args(): Using NullPool
2024-11-17 14:22:03,523 - airflow.settings - DEBUG - settings.prepare_engine_args(): Using NullPool
2024-11-17 14:22:03,523 - airflow.settings - DEBUG - settings.prepare_engine_args(): Using NullPool
2024-11-17 14:22:04,916 - root - DEBUG - Calling callbacks: [01m[][22m
2024-11-17 14:22:04,916 - root - DEBUG - Calling callbacks: [01m[][22m
2024-11-17 14:22:04,916 - root - DEBUG - Calling callbacks: [01m[][22m
2024-11-17 14:22:04,920 - airflow.settings - DEBUG - Disposing DB connection pool (PID 15803)
2024-11-17 14:22:04,920 - airflow.settings - DEBUG - Disposing DB connection pool (PID 15803)
2024-11-17 14:22:04,920 - airflow.settings - DEBUG - Disposing DB connection pool (PID 15803)
