2024-11-17 14:22:30,736 - cron_descriptor.GetText - DEBUG - /home/leostuchchi/.local/lib/python3.10/site-packages/cron_descriptor/locale/en_US.mo Loaded
2024-11-17 14:22:30,736 - cron_descriptor.GetText - DEBUG - /home/leostuchchi/.local/lib/python3.10/site-packages/cron_descriptor/locale/en_US.mo Loaded
2024-11-17 14:22:30,736 - cron_descriptor.GetText - DEBUG - /home/leostuchchi/.local/lib/python3.10/site-packages/cron_descriptor/locale/en_US.mo Loaded
2024-11-17 14:22:30,749 - airflow.models.dagbag.DagBag - DEBUG - Loaded DAG [01m<DAG: scoring_credit_default>[22m
2024-11-17 14:22:30,749 - airflow.models.dagbag.DagBag - DEBUG - Loaded DAG [01m<DAG: scoring_credit_default>[22m
2024-11-17 14:22:30,749 - airflow.models.dagbag.DagBag - DEBUG - Loaded DAG [01m<DAG: scoring_credit_default>[22m
2024-11-17 14:22:30,751 - airflow.models.dagbag.DagBag - DEBUG - Importing [01m/home/leostuchchi/.local/lib/python3.10/site-packages/airflow/example_dags/example_task_group_decorator.py[22m
2024-11-17 14:22:30,751 - airflow.models.dagbag.DagBag - DEBUG - Importing [01m/home/leostuchchi/.local/lib/python3.10/site-packages/airflow/example_dags/example_task_group_decorator.py[22m
2024-11-17 14:22:30,751 - airflow.models.dagbag.DagBag - DEBUG - Importing [01m/home/leostuchchi/.local/lib/python3.10/site-packages/airflow/example_dags/example_task_group_decorator.py[22m
2024-11-17 14:22:30,799 - airflow.models.dagbag.DagBag - DEBUG - Loaded DAG [01m<DAG: example_task_group_decorator>[22m
2024-11-17 14:22:30,799 - airflow.models.dagbag.DagBag - DEBUG - Loaded DAG [01m<DAG: example_task_group_decorator>[22m
2024-11-17 14:22:30,799 - airflow.models.dagbag.DagBag - DEBUG - Loaded DAG [01m<DAG: example_task_group_decorator>[22m
2024-11-17 14:22:30,800 - airflow.models.dagbag.DagBag - DEBUG - Importing [01m/home/leostuchchi/.local/lib/python3.10/site-packages/airflow/example_dags/example_trigger_controller_dag.py[22m
2024-11-17 14:22:30,800 - airflow.models.dagbag.DagBag - DEBUG - Importing [01m/home/leostuchchi/.local/lib/python3.10/site-packages/airflow/example_dags/example_trigger_controller_dag.py[22m
2024-11-17 14:22:30,800 - airflow.models.dagbag.DagBag - DEBUG - Importing [01m/home/leostuchchi/.local/lib/python3.10/site-packages/airflow/example_dags/example_trigger_controller_dag.py[22m
2024-11-17 14:22:30,811 - airflow.models.dagbag.DagBag - DEBUG - Loaded DAG [01m<DAG: example_trigger_controller_dag>[22m
2024-11-17 14:22:30,811 - airflow.models.dagbag.DagBag - DEBUG - Loaded DAG [01m<DAG: example_trigger_controller_dag>[22m
2024-11-17 14:22:30,811 - airflow.models.dagbag.DagBag - DEBUG - Loaded DAG [01m<DAG: example_trigger_controller_dag>[22m
2024-11-17 14:22:30,812 - airflow.models.dagbag.DagBag - DEBUG - Importing [01m/home/leostuchchi/.local/lib/python3.10/site-packages/airflow/example_dags/tutorial_dag.py[22m
2024-11-17 14:22:30,812 - airflow.models.dagbag.DagBag - DEBUG - Importing [01m/home/leostuchchi/.local/lib/python3.10/site-packages/airflow/example_dags/tutorial_dag.py[22m
2024-11-17 14:22:30,812 - airflow.models.dagbag.DagBag - DEBUG - Importing [01m/home/leostuchchi/.local/lib/python3.10/site-packages/airflow/example_dags/tutorial_dag.py[22m
2024-11-17 14:22:30,815 - airflow.models.dagbag.DagBag - DEBUG - Loaded DAG [01m<DAG: tutorial_dag>[22m
2024-11-17 14:22:30,815 - airflow.models.dagbag.DagBag - DEBUG - Loaded DAG [01m<DAG: tutorial_dag>[22m
2024-11-17 14:22:30,815 - airflow.models.dagbag.DagBag - DEBUG - Loaded DAG [01m<DAG: tutorial_dag>[22m
2024-11-17 14:22:30,816 - airflow.models.dagbag.DagBag - DEBUG - Importing [01m/home/leostuchchi/.local/lib/python3.10/site-packages/airflow/example_dags/tutorial_taskflow_api.py[22m
2024-11-17 14:22:30,816 - airflow.models.dagbag.DagBag - DEBUG - Importing [01m/home/leostuchchi/.local/lib/python3.10/site-packages/airflow/example_dags/tutorial_taskflow_api.py[22m
2024-11-17 14:22:30,816 - airflow.models.dagbag.DagBag - DEBUG - Importing [01m/home/leostuchchi/.local/lib/python3.10/site-packages/airflow/example_dags/tutorial_taskflow_api.py[22m
2024-11-17 14:22:30,821 - airflow.models.dagbag.DagBag - DEBUG - Loaded DAG [01m<DAG: tutorial_taskflow_api>[22m
2024-11-17 14:22:30,821 - airflow.models.dagbag.DagBag - DEBUG - Loaded DAG [01m<DAG: tutorial_taskflow_api>[22m
2024-11-17 14:22:30,821 - airflow.models.dagbag.DagBag - DEBUG - Loaded DAG [01m<DAG: tutorial_taskflow_api>[22m
2024-11-17 14:22:30,822 - airflow.models.dagbag.DagBag - DEBUG - Importing [01m/home/leostuchchi/.local/lib/python3.10/site-packages/airflow/example_dags/example_sensor_decorator.py[22m
2024-11-17 14:22:30,822 - airflow.models.dagbag.DagBag - DEBUG - Importing [01m/home/leostuchchi/.local/lib/python3.10/site-packages/airflow/example_dags/example_sensor_decorator.py[22m
2024-11-17 14:22:30,822 - airflow.models.dagbag.DagBag - DEBUG - Importing [01m/home/leostuchchi/.local/lib/python3.10/site-packages/airflow/example_dags/example_sensor_decorator.py[22m
2024-11-17 14:22:30,826 - airflow.models.dagbag.DagBag - DEBUG - Loaded DAG [01m<DAG: example_sensor_decorator>[22m
2024-11-17 14:22:30,826 - airflow.models.dagbag.DagBag - DEBUG - Loaded DAG [01m<DAG: example_sensor_decorator>[22m
2024-11-17 14:22:30,826 - airflow.models.dagbag.DagBag - DEBUG - Loaded DAG [01m<DAG: example_sensor_decorator>[22m
2024-11-17 14:22:30,828 - airflow.models.dagbag.DagBag - DEBUG - Importing [01m/home/leostuchchi/.local/lib/python3.10/site-packages/airflow/example_dags/example_xcom.py[22m
2024-11-17 14:22:30,828 - airflow.models.dagbag.DagBag - DEBUG - Importing [01m/home/leostuchchi/.local/lib/python3.10/site-packages/airflow/example_dags/example_xcom.py[22m
2024-11-17 14:22:30,828 - airflow.models.dagbag.DagBag - DEBUG - Importing [01m/home/leostuchchi/.local/lib/python3.10/site-packages/airflow/example_dags/example_xcom.py[22m
2024-11-17 14:22:30,834 - airflow.models.dagbag.DagBag - DEBUG - Loaded DAG [01m<DAG: example_xcom>[22m
2024-11-17 14:22:30,834 - airflow.models.dagbag.DagBag - DEBUG - Loaded DAG [01m<DAG: example_xcom>[22m
2024-11-17 14:22:30,834 - airflow.models.dagbag.DagBag - DEBUG - Loaded DAG [01m<DAG: example_xcom>[22m
2024-11-17 14:22:30,835 - airflow.models.dagbag.DagBag - DEBUG - Importing [01m/home/leostuchchi/.local/lib/python3.10/site-packages/airflow/example_dags/example_setup_teardown.py[22m
2024-11-17 14:22:30,835 - airflow.models.dagbag.DagBag - DEBUG - Importing [01m/home/leostuchchi/.local/lib/python3.10/site-packages/airflow/example_dags/example_setup_teardown.py[22m
2024-11-17 14:22:30,835 - airflow.models.dagbag.DagBag - DEBUG - Importing [01m/home/leostuchchi/.local/lib/python3.10/site-packages/airflow/example_dags/example_setup_teardown.py[22m
2024-11-17 14:22:30,840 - airflow.models.dagbag.DagBag - DEBUG - Loaded DAG [01m<DAG: example_setup_teardown>[22m
2024-11-17 14:22:30,840 - airflow.models.dagbag.DagBag - DEBUG - Loaded DAG [01m<DAG: example_setup_teardown>[22m
2024-11-17 14:22:30,840 - airflow.models.dagbag.DagBag - DEBUG - Loaded DAG [01m<DAG: example_setup_teardown>[22m
2024-11-17 14:22:30,841 - airflow.models.dagbag.DagBag - DEBUG - Importing [01m/home/leostuchchi/.local/lib/python3.10/site-packages/airflow/example_dags/example_subdag_operator.py[22m
2024-11-17 14:22:30,841 - airflow.models.dagbag.DagBag - DEBUG - Importing [01m/home/leostuchchi/.local/lib/python3.10/site-packages/airflow/example_dags/example_subdag_operator.py[22m
2024-11-17 14:22:30,841 - airflow.models.dagbag.DagBag - DEBUG - Importing [01m/home/leostuchchi/.local/lib/python3.10/site-packages/airflow/example_dags/example_subdag_operator.py[22m
2024-11-17 14:22:30,846 - cron_descriptor.GetText - DEBUG - /home/leostuchchi/.local/lib/python3.10/site-packages/cron_descriptor/locale/en_US.mo Loaded
2024-11-17 14:22:30,846 - cron_descriptor.GetText - DEBUG - /home/leostuchchi/.local/lib/python3.10/site-packages/cron_descriptor/locale/en_US.mo Loaded
2024-11-17 14:22:30,846 - cron_descriptor.GetText - DEBUG - /home/leostuchchi/.local/lib/python3.10/site-packages/cron_descriptor/locale/en_US.mo Loaded
2024-11-17 14:22:31,078 - cron_descriptor.GetText - DEBUG - /home/leostuchchi/.local/lib/python3.10/site-packages/cron_descriptor/locale/en_US.mo Loaded
2024-11-17 14:22:31,078 - cron_descriptor.GetText - DEBUG - /home/leostuchchi/.local/lib/python3.10/site-packages/cron_descriptor/locale/en_US.mo Loaded
2024-11-17 14:22:31,078 - cron_descriptor.GetText - DEBUG - /home/leostuchchi/.local/lib/python3.10/site-packages/cron_descriptor/locale/en_US.mo Loaded
2024-11-17 14:22:31,087 - airflow.models.dagbag.DagBag - DEBUG - Loaded DAG [01m<DAG: example_subdag_operator.section-1>[22m
2024-11-17 14:22:31,087 - airflow.models.dagbag.DagBag - DEBUG - Loaded DAG [01m<DAG: example_subdag_operator.section-1>[22m
2024-11-17 14:22:31,087 - airflow.models.dagbag.DagBag - DEBUG - Loaded DAG [01m<DAG: example_subdag_operator.section-1>[22m
2024-11-17 14:22:31,088 - airflow.models.dagbag.DagBag - DEBUG - Loaded DAG [01m<DAG: example_subdag_operator.section-2>[22m
2024-11-17 14:22:31,088 - airflow.models.dagbag.DagBag - DEBUG - Loaded DAG [01m<DAG: example_subdag_operator.section-2>[22m
2024-11-17 14:22:31,088 - airflow.models.dagbag.DagBag - DEBUG - Loaded DAG [01m<DAG: example_subdag_operator.section-2>[22m
2024-11-17 14:22:31,089 - airflow.models.dagbag.DagBag - DEBUG - Loaded DAG [01m<DAG: example_subdag_operator>[22m
2024-11-17 14:22:31,089 - airflow.models.dagbag.DagBag - DEBUG - Loaded DAG [01m<DAG: example_subdag_operator>[22m
2024-11-17 14:22:31,089 - airflow.models.dagbag.DagBag - DEBUG - Loaded DAG [01m<DAG: example_subdag_operator>[22m
2024-11-17 14:22:31,090 - airflow.models.dagbag.DagBag - DEBUG - Importing [01m/home/leostuchchi/.local/lib/python3.10/site-packages/airflow/example_dags/example_python_decorator.py[22m
2024-11-17 14:22:31,090 - airflow.models.dagbag.DagBag - DEBUG - Importing [01m/home/leostuchchi/.local/lib/python3.10/site-packages/airflow/example_dags/example_python_decorator.py[22m
2024-11-17 14:22:31,090 - airflow.models.dagbag.DagBag - DEBUG - Importing [01m/home/leostuchchi/.local/lib/python3.10/site-packages/airflow/example_dags/example_python_decorator.py[22m
2024-11-17 14:22:31,107 - airflow.models.dagbag.DagBag - DEBUG - Loaded DAG [01m<DAG: example_python_decorator>[22m
2024-11-17 14:22:31,107 - airflow.models.dagbag.DagBag - DEBUG - Loaded DAG [01m<DAG: example_python_decorator>[22m
2024-11-17 14:22:31,107 - airflow.models.dagbag.DagBag - DEBUG - Loaded DAG [01m<DAG: example_python_decorator>[22m
2024-11-17 14:22:31,109 - airflow.models.dagbag.DagBag - DEBUG - Importing [01m/home/leostuchchi/.local/lib/python3.10/site-packages/airflow/example_dags/example_python_operator.py[22m
2024-11-17 14:22:31,109 - airflow.models.dagbag.DagBag - DEBUG - Importing [01m/home/leostuchchi/.local/lib/python3.10/site-packages/airflow/example_dags/example_python_operator.py[22m
2024-11-17 14:22:31,109 - airflow.models.dagbag.DagBag - DEBUG - Importing [01m/home/leostuchchi/.local/lib/python3.10/site-packages/airflow/example_dags/example_python_operator.py[22m
2024-11-17 14:22:31,117 - airflow.models.dagbag.DagBag - DEBUG - Loaded DAG [01m<DAG: example_python_operator>[22m
2024-11-17 14:22:31,117 - airflow.models.dagbag.DagBag - DEBUG - Loaded DAG [01m<DAG: example_python_operator>[22m
2024-11-17 14:22:31,117 - airflow.models.dagbag.DagBag - DEBUG - Loaded DAG [01m<DAG: example_python_operator>[22m
2024-11-17 14:22:31,118 - airflow.models.dagbag.DagBag - DEBUG - Importing [01m/home/leostuchchi/.local/lib/python3.10/site-packages/airflow/example_dags/example_trigger_target_dag.py[22m
2024-11-17 14:22:31,118 - airflow.models.dagbag.DagBag - DEBUG - Importing [01m/home/leostuchchi/.local/lib/python3.10/site-packages/airflow/example_dags/example_trigger_target_dag.py[22m
2024-11-17 14:22:31,118 - airflow.models.dagbag.DagBag - DEBUG - Importing [01m/home/leostuchchi/.local/lib/python3.10/site-packages/airflow/example_dags/example_trigger_target_dag.py[22m
2024-11-17 14:22:31,121 - airflow.models.dagbag.DagBag - DEBUG - Loaded DAG [01m<DAG: example_trigger_target_dag>[22m
2024-11-17 14:22:31,121 - airflow.models.dagbag.DagBag - DEBUG - Loaded DAG [01m<DAG: example_trigger_target_dag>[22m
2024-11-17 14:22:31,121 - airflow.models.dagbag.DagBag - DEBUG - Loaded DAG [01m<DAG: example_trigger_target_dag>[22m
2024-11-17 14:22:31,123 - airflow.models.dagbag.DagBag - DEBUG - Importing [01m/home/leostuchchi/.local/lib/python3.10/site-packages/airflow/example_dags/example_branch_python_dop_operator_3.py[22m
2024-11-17 14:22:31,123 - airflow.models.dagbag.DagBag - DEBUG - Importing [01m/home/leostuchchi/.local/lib/python3.10/site-packages/airflow/example_dags/example_branch_python_dop_operator_3.py[22m
2024-11-17 14:22:31,123 - airflow.models.dagbag.DagBag - DEBUG - Importing [01m/home/leostuchchi/.local/lib/python3.10/site-packages/airflow/example_dags/example_branch_python_dop_operator_3.py[22m
2024-11-17 14:22:31,125 - cron_descriptor.GetText - DEBUG - /home/leostuchchi/.local/lib/python3.10/site-packages/cron_descriptor/locale/en_US.mo Loaded
2024-11-17 14:22:31,125 - cron_descriptor.GetText - DEBUG - /home/leostuchchi/.local/lib/python3.10/site-packages/cron_descriptor/locale/en_US.mo Loaded
2024-11-17 14:22:31,125 - cron_descriptor.GetText - DEBUG - /home/leostuchchi/.local/lib/python3.10/site-packages/cron_descriptor/locale/en_US.mo Loaded
2024-11-17 14:22:31,132 - airflow.models.dagbag.DagBag - DEBUG - Loaded DAG [01m<DAG: example_branch_dop_operator_v3>[22m
2024-11-17 14:22:31,132 - airflow.models.dagbag.DagBag - DEBUG - Loaded DAG [01m<DAG: example_branch_dop_operator_v3>[22m
2024-11-17 14:22:31,132 - airflow.models.dagbag.DagBag - DEBUG - Loaded DAG [01m<DAG: example_branch_dop_operator_v3>[22m
2024-11-17 14:22:31,133 - airflow.models.dagbag.DagBag - DEBUG - Importing [01m/home/leostuchchi/.local/lib/python3.10/site-packages/airflow/example_dags/example_short_circuit_operator.py[22m
2024-11-17 14:22:31,133 - airflow.models.dagbag.DagBag - DEBUG - Importing [01m/home/leostuchchi/.local/lib/python3.10/site-packages/airflow/example_dags/example_short_circuit_operator.py[22m
2024-11-17 14:22:31,133 - airflow.models.dagbag.DagBag - DEBUG - Importing [01m/home/leostuchchi/.local/lib/python3.10/site-packages/airflow/example_dags/example_short_circuit_operator.py[22m
2024-11-17 14:22:31,140 - airflow.models.dagbag.DagBag - DEBUG - Loaded DAG [01m<DAG: example_short_circuit_operator>[22m
2024-11-17 14:22:31,140 - airflow.models.dagbag.DagBag - DEBUG - Loaded DAG [01m<DAG: example_short_circuit_operator>[22m
2024-11-17 14:22:31,140 - airflow.models.dagbag.DagBag - DEBUG - Loaded DAG [01m<DAG: example_short_circuit_operator>[22m
2024-11-17 14:22:31,141 - airflow.models.dagbag.DagBag - DEBUG - Importing [01m/home/leostuchchi/.local/lib/python3.10/site-packages/airflow/example_dags/tutorial_objectstorage.py[22m
2024-11-17 14:22:31,141 - airflow.models.dagbag.DagBag - DEBUG - Importing [01m/home/leostuchchi/.local/lib/python3.10/site-packages/airflow/example_dags/tutorial_objectstorage.py[22m
2024-11-17 14:22:31,141 - airflow.models.dagbag.DagBag - DEBUG - Importing [01m/home/leostuchchi/.local/lib/python3.10/site-packages/airflow/example_dags/tutorial_objectstorage.py[22m
2024-11-17 14:22:31,214 - airflow.models.dagbag.DagBag - DEBUG - Loaded DAG [01m<DAG: tutorial_objectstorage>[22m
2024-11-17 14:22:31,214 - airflow.models.dagbag.DagBag - DEBUG - Loaded DAG [01m<DAG: tutorial_objectstorage>[22m
2024-11-17 14:22:31,214 - airflow.models.dagbag.DagBag - DEBUG - Loaded DAG [01m<DAG: tutorial_objectstorage>[22m
2024-11-17 14:22:31,216 - airflow.models.dagbag.DagBag - DEBUG - Importing [01m/home/leostuchchi/.local/lib/python3.10/site-packages/airflow/example_dags/tutorial_taskflow_api_virtualenv.py[22m
2024-11-17 14:22:31,216 - airflow.models.dagbag.DagBag - DEBUG - Importing [01m/home/leostuchchi/.local/lib/python3.10/site-packages/airflow/example_dags/tutorial_taskflow_api_virtualenv.py[22m
2024-11-17 14:22:31,216 - airflow.models.dagbag.DagBag - DEBUG - Importing [01m/home/leostuchchi/.local/lib/python3.10/site-packages/airflow/example_dags/tutorial_taskflow_api_virtualenv.py[22m
2024-11-17 14:22:31,221 - airflow.models.dagbag.DagBag - DEBUG - Loaded DAG [01m<DAG: tutorial_taskflow_api_virtualenv>[22m
2024-11-17 14:22:31,221 - airflow.models.dagbag.DagBag - DEBUG - Loaded DAG [01m<DAG: tutorial_taskflow_api_virtualenv>[22m
2024-11-17 14:22:31,221 - airflow.models.dagbag.DagBag - DEBUG - Loaded DAG [01m<DAG: tutorial_taskflow_api_virtualenv>[22m
2024-11-17 14:22:31,222 - airflow.models.dagbag.DagBag - DEBUG - Importing [01m/home/leostuchchi/.local/lib/python3.10/site-packages/airflow/example_dags/example_sensors.py[22m
2024-11-17 14:22:31,222 - airflow.models.dagbag.DagBag - DEBUG - Importing [01m/home/leostuchchi/.local/lib/python3.10/site-packages/airflow/example_dags/example_sensors.py[22m
2024-11-17 14:22:31,222 - airflow.models.dagbag.DagBag - DEBUG - Importing [01m/home/leostuchchi/.local/lib/python3.10/site-packages/airflow/example_dags/example_sensors.py[22m
2024-11-17 14:22:31,244 - airflow.models.dagbag.DagBag - DEBUG - Loaded DAG [01m<DAG: example_sensors>[22m
2024-11-17 14:22:31,244 - airflow.models.dagbag.DagBag - DEBUG - Loaded DAG [01m<DAG: example_sensors>[22m
2024-11-17 14:22:31,244 - airflow.models.dagbag.DagBag - DEBUG - Loaded DAG [01m<DAG: example_sensors>[22m
2024-11-17 14:22:31,245 - airflow.models.dagbag.DagBag - DEBUG - Importing [01m/home/leostuchchi/.local/lib/python3.10/site-packages/airflow/example_dags/example_setup_teardown_taskflow.py[22m
2024-11-17 14:22:31,245 - airflow.models.dagbag.DagBag - DEBUG - Importing [01m/home/leostuchchi/.local/lib/python3.10/site-packages/airflow/example_dags/example_setup_teardown_taskflow.py[22m
2024-11-17 14:22:31,245 - airflow.models.dagbag.DagBag - DEBUG - Importing [01m/home/leostuchchi/.local/lib/python3.10/site-packages/airflow/example_dags/example_setup_teardown_taskflow.py[22m
2024-11-17 14:22:31,255 - airflow.models.dagbag.DagBag - DEBUG - Loaded DAG [01m<DAG: example_setup_teardown_taskflow>[22m
2024-11-17 14:22:31,255 - airflow.models.dagbag.DagBag - DEBUG - Loaded DAG [01m<DAG: example_setup_teardown_taskflow>[22m
2024-11-17 14:22:31,255 - airflow.models.dagbag.DagBag - DEBUG - Loaded DAG [01m<DAG: example_setup_teardown_taskflow>[22m
2024-11-17 14:22:31,256 - airflow.models.dagbag.DagBag - DEBUG - Importing [01m/home/leostuchchi/.local/lib/python3.10/site-packages/airflow/example_dags/example_branch_labels.py[22m
2024-11-17 14:22:31,256 - airflow.models.dagbag.DagBag - DEBUG - Importing [01m/home/leostuchchi/.local/lib/python3.10/site-packages/airflow/example_dags/example_branch_labels.py[22m
2024-11-17 14:22:31,256 - airflow.models.dagbag.DagBag - DEBUG - Importing [01m/home/leostuchchi/.local/lib/python3.10/site-packages/airflow/example_dags/example_branch_labels.py[22m
2024-11-17 14:22:31,258 - cron_descriptor.GetText - DEBUG - /home/leostuchchi/.local/lib/python3.10/site-packages/cron_descriptor/locale/en_US.mo Loaded
2024-11-17 14:22:31,258 - cron_descriptor.GetText - DEBUG - /home/leostuchchi/.local/lib/python3.10/site-packages/cron_descriptor/locale/en_US.mo Loaded
2024-11-17 14:22:31,258 - cron_descriptor.GetText - DEBUG - /home/leostuchchi/.local/lib/python3.10/site-packages/cron_descriptor/locale/en_US.mo Loaded
2024-11-17 14:22:31,262 - cron_descriptor.GetText - DEBUG - /home/leostuchchi/.local/lib/python3.10/site-packages/cron_descriptor/locale/en_US.mo Loaded
2024-11-17 14:22:31,262 - cron_descriptor.GetText - DEBUG - /home/leostuchchi/.local/lib/python3.10/site-packages/cron_descriptor/locale/en_US.mo Loaded
2024-11-17 14:22:31,262 - cron_descriptor.GetText - DEBUG - /home/leostuchchi/.local/lib/python3.10/site-packages/cron_descriptor/locale/en_US.mo Loaded
2024-11-17 14:22:31,264 - airflow.models.dagbag.DagBag - DEBUG - Loaded DAG [01m<DAG: example_branch_labels>[22m
2024-11-17 14:22:31,264 - airflow.models.dagbag.DagBag - DEBUG - Loaded DAG [01m<DAG: example_branch_labels>[22m
2024-11-17 14:22:31,264 - airflow.models.dagbag.DagBag - DEBUG - Loaded DAG [01m<DAG: example_branch_labels>[22m
2024-11-17 14:22:31,265 - airflow.models.dagbag.DagBag - DEBUG - Importing [01m/home/leostuchchi/.local/lib/python3.10/site-packages/airflow/example_dags/example_time_delta_sensor_async.py[22m
2024-11-17 14:22:31,265 - airflow.models.dagbag.DagBag - DEBUG - Importing [01m/home/leostuchchi/.local/lib/python3.10/site-packages/airflow/example_dags/example_time_delta_sensor_async.py[22m
2024-11-17 14:22:31,265 - airflow.models.dagbag.DagBag - DEBUG - Importing [01m/home/leostuchchi/.local/lib/python3.10/site-packages/airflow/example_dags/example_time_delta_sensor_async.py[22m
2024-11-17 14:22:31,268 - airflow.models.dagbag.DagBag - DEBUG - Loaded DAG [01m<DAG: example_time_delta_sensor_async>[22m
2024-11-17 14:22:31,268 - airflow.models.dagbag.DagBag - DEBUG - Loaded DAG [01m<DAG: example_time_delta_sensor_async>[22m
2024-11-17 14:22:31,268 - airflow.models.dagbag.DagBag - DEBUG - Loaded DAG [01m<DAG: example_time_delta_sensor_async>[22m
2024-11-17 14:22:31,269 - airflow.models.dagbag.DagBag - DEBUG - Importing [01m/home/leostuchchi/.local/lib/python3.10/site-packages/airflow/example_dags/example_branch_operator_decorator.py[22m
2024-11-17 14:22:31,269 - airflow.models.dagbag.DagBag - DEBUG - Importing [01m/home/leostuchchi/.local/lib/python3.10/site-packages/airflow/example_dags/example_branch_operator_decorator.py[22m
2024-11-17 14:22:31,269 - airflow.models.dagbag.DagBag - DEBUG - Importing [01m/home/leostuchchi/.local/lib/python3.10/site-packages/airflow/example_dags/example_branch_operator_decorator.py[22m
2024-11-17 14:22:31,271 - cron_descriptor.GetText - DEBUG - /home/leostuchchi/.local/lib/python3.10/site-packages/cron_descriptor/locale/en_US.mo Loaded
2024-11-17 14:22:31,271 - cron_descriptor.GetText - DEBUG - /home/leostuchchi/.local/lib/python3.10/site-packages/cron_descriptor/locale/en_US.mo Loaded
2024-11-17 14:22:31,271 - cron_descriptor.GetText - DEBUG - /home/leostuchchi/.local/lib/python3.10/site-packages/cron_descriptor/locale/en_US.mo Loaded
2024-11-17 14:22:31,295 - cron_descriptor.GetText - DEBUG - /home/leostuchchi/.local/lib/python3.10/site-packages/cron_descriptor/locale/en_US.mo Loaded
2024-11-17 14:22:31,295 - cron_descriptor.GetText - DEBUG - /home/leostuchchi/.local/lib/python3.10/site-packages/cron_descriptor/locale/en_US.mo Loaded
2024-11-17 14:22:31,295 - cron_descriptor.GetText - DEBUG - /home/leostuchchi/.local/lib/python3.10/site-packages/cron_descriptor/locale/en_US.mo Loaded
2024-11-17 14:22:31,298 - airflow.models.dagbag.DagBag - DEBUG - Loaded DAG [01m<DAG: example_branch_python_operator_decorator>[22m
2024-11-17 14:22:31,298 - airflow.models.dagbag.DagBag - DEBUG - Loaded DAG [01m<DAG: example_branch_python_operator_decorator>[22m
2024-11-17 14:22:31,298 - airflow.models.dagbag.DagBag - DEBUG - Loaded DAG [01m<DAG: example_branch_python_operator_decorator>[22m
2024-11-17 14:22:31,299 - airflow.models.dagbag.DagBag - DEBUG - Importing [01m/home/leostuchchi/.local/lib/python3.10/site-packages/airflow/example_dags/example_external_task_marker_dag.py[22m
2024-11-17 14:22:31,299 - airflow.models.dagbag.DagBag - DEBUG - Importing [01m/home/leostuchchi/.local/lib/python3.10/site-packages/airflow/example_dags/example_external_task_marker_dag.py[22m
2024-11-17 14:22:31,299 - airflow.models.dagbag.DagBag - DEBUG - Importing [01m/home/leostuchchi/.local/lib/python3.10/site-packages/airflow/example_dags/example_external_task_marker_dag.py[22m
2024-11-17 14:22:31,306 - airflow.models.dagbag.DagBag - DEBUG - Loaded DAG [01m<DAG: example_external_task_marker_parent>[22m
2024-11-17 14:22:31,306 - airflow.models.dagbag.DagBag - DEBUG - Loaded DAG [01m<DAG: example_external_task_marker_parent>[22m
2024-11-17 14:22:31,306 - airflow.models.dagbag.DagBag - DEBUG - Loaded DAG [01m<DAG: example_external_task_marker_parent>[22m
2024-11-17 14:22:31,307 - airflow.models.dagbag.DagBag - DEBUG - Loaded DAG [01m<DAG: example_external_task_marker_child>[22m
2024-11-17 14:22:31,307 - airflow.models.dagbag.DagBag - DEBUG - Loaded DAG [01m<DAG: example_external_task_marker_child>[22m
2024-11-17 14:22:31,307 - airflow.models.dagbag.DagBag - DEBUG - Loaded DAG [01m<DAG: example_external_task_marker_child>[22m
2024-11-17 14:22:31,308 - airflow.models.dagbag.DagBag - DEBUG - Importing [01m/home/leostuchchi/.local/lib/python3.10/site-packages/airflow/example_dags/example_complex.py[22m
2024-11-17 14:22:31,308 - airflow.models.dagbag.DagBag - DEBUG - Importing [01m/home/leostuchchi/.local/lib/python3.10/site-packages/airflow/example_dags/example_complex.py[22m
2024-11-17 14:22:31,308 - airflow.models.dagbag.DagBag - DEBUG - Importing [01m/home/leostuchchi/.local/lib/python3.10/site-packages/airflow/example_dags/example_complex.py[22m
2024-11-17 14:22:31,325 - airflow.models.dagbag.DagBag - DEBUG - Loaded DAG [01m<DAG: example_complex>[22m
2024-11-17 14:22:31,325 - airflow.models.dagbag.DagBag - DEBUG - Loaded DAG [01m<DAG: example_complex>[22m
2024-11-17 14:22:31,325 - airflow.models.dagbag.DagBag - DEBUG - Loaded DAG [01m<DAG: example_complex>[22m
2024-11-17 14:22:31,326 - airflow.models.dagbag.DagBag - DEBUG - Importing [01m/home/leostuchchi/.local/lib/python3.10/site-packages/airflow/example_dags/example_branch_datetime_operator.py[22m
2024-11-17 14:22:31,326 - airflow.models.dagbag.DagBag - DEBUG - Importing [01m/home/leostuchchi/.local/lib/python3.10/site-packages/airflow/example_dags/example_branch_datetime_operator.py[22m
2024-11-17 14:22:31,326 - airflow.models.dagbag.DagBag - DEBUG - Importing [01m/home/leostuchchi/.local/lib/python3.10/site-packages/airflow/example_dags/example_branch_datetime_operator.py[22m
2024-11-17 14:22:31,328 - cron_descriptor.GetText - DEBUG - /home/leostuchchi/.local/lib/python3.10/site-packages/cron_descriptor/locale/en_US.mo Loaded
2024-11-17 14:22:31,328 - cron_descriptor.GetText - DEBUG - /home/leostuchchi/.local/lib/python3.10/site-packages/cron_descriptor/locale/en_US.mo Loaded
2024-11-17 14:22:31,328 - cron_descriptor.GetText - DEBUG - /home/leostuchchi/.local/lib/python3.10/site-packages/cron_descriptor/locale/en_US.mo Loaded
2024-11-17 14:22:31,331 - cron_descriptor.GetText - DEBUG - /home/leostuchchi/.local/lib/python3.10/site-packages/cron_descriptor/locale/en_US.mo Loaded
2024-11-17 14:22:31,331 - cron_descriptor.GetText - DEBUG - /home/leostuchchi/.local/lib/python3.10/site-packages/cron_descriptor/locale/en_US.mo Loaded
2024-11-17 14:22:31,331 - cron_descriptor.GetText - DEBUG - /home/leostuchchi/.local/lib/python3.10/site-packages/cron_descriptor/locale/en_US.mo Loaded
2024-11-17 14:22:31,334 - cron_descriptor.GetText - DEBUG - /home/leostuchchi/.local/lib/python3.10/site-packages/cron_descriptor/locale/en_US.mo Loaded
2024-11-17 14:22:31,334 - cron_descriptor.GetText - DEBUG - /home/leostuchchi/.local/lib/python3.10/site-packages/cron_descriptor/locale/en_US.mo Loaded
2024-11-17 14:22:31,334 - cron_descriptor.GetText - DEBUG - /home/leostuchchi/.local/lib/python3.10/site-packages/cron_descriptor/locale/en_US.mo Loaded
2024-11-17 14:22:31,337 - cron_descriptor.GetText - DEBUG - /home/leostuchchi/.local/lib/python3.10/site-packages/cron_descriptor/locale/en_US.mo Loaded
2024-11-17 14:22:31,337 - cron_descriptor.GetText - DEBUG - /home/leostuchchi/.local/lib/python3.10/site-packages/cron_descriptor/locale/en_US.mo Loaded
2024-11-17 14:22:31,337 - cron_descriptor.GetText - DEBUG - /home/leostuchchi/.local/lib/python3.10/site-packages/cron_descriptor/locale/en_US.mo Loaded
2024-11-17 14:22:31,339 - airflow.models.dagbag.DagBag - DEBUG - Loaded DAG [01m<DAG: example_branch_datetime_operator_3>[22m
2024-11-17 14:22:31,339 - airflow.models.dagbag.DagBag - DEBUG - Loaded DAG [01m<DAG: example_branch_datetime_operator_3>[22m
2024-11-17 14:22:31,339 - airflow.models.dagbag.DagBag - DEBUG - Loaded DAG [01m<DAG: example_branch_datetime_operator_3>[22m
2024-11-17 14:22:31,340 - cron_descriptor.GetText - DEBUG - /home/leostuchchi/.local/lib/python3.10/site-packages/cron_descriptor/locale/en_US.mo Loaded
2024-11-17 14:22:31,340 - cron_descriptor.GetText - DEBUG - /home/leostuchchi/.local/lib/python3.10/site-packages/cron_descriptor/locale/en_US.mo Loaded
2024-11-17 14:22:31,340 - cron_descriptor.GetText - DEBUG - /home/leostuchchi/.local/lib/python3.10/site-packages/cron_descriptor/locale/en_US.mo Loaded
2024-11-17 14:22:31,343 - airflow.models.dagbag.DagBag - DEBUG - Loaded DAG [01m<DAG: example_branch_datetime_operator>[22m
2024-11-17 14:22:31,343 - airflow.models.dagbag.DagBag - DEBUG - Loaded DAG [01m<DAG: example_branch_datetime_operator>[22m
2024-11-17 14:22:31,343 - airflow.models.dagbag.DagBag - DEBUG - Loaded DAG [01m<DAG: example_branch_datetime_operator>[22m
2024-11-17 14:22:31,345 - cron_descriptor.GetText - DEBUG - /home/leostuchchi/.local/lib/python3.10/site-packages/cron_descriptor/locale/en_US.mo Loaded
2024-11-17 14:22:31,345 - cron_descriptor.GetText - DEBUG - /home/leostuchchi/.local/lib/python3.10/site-packages/cron_descriptor/locale/en_US.mo Loaded
2024-11-17 14:22:31,345 - cron_descriptor.GetText - DEBUG - /home/leostuchchi/.local/lib/python3.10/site-packages/cron_descriptor/locale/en_US.mo Loaded
2024-11-17 14:22:31,347 - airflow.models.dagbag.DagBag - DEBUG - Loaded DAG [01m<DAG: example_branch_datetime_operator_2>[22m
2024-11-17 14:22:31,347 - airflow.models.dagbag.DagBag - DEBUG - Loaded DAG [01m<DAG: example_branch_datetime_operator_2>[22m
2024-11-17 14:22:31,347 - airflow.models.dagbag.DagBag - DEBUG - Loaded DAG [01m<DAG: example_branch_datetime_operator_2>[22m
2024-11-17 14:22:31,348 - airflow.models.dagbag.DagBag - DEBUG - Importing [01m/home/leostuchchi/.local/lib/python3.10/site-packages/airflow/example_dags/example_xcomargs.py[22m
2024-11-17 14:22:31,348 - airflow.models.dagbag.DagBag - DEBUG - Importing [01m/home/leostuchchi/.local/lib/python3.10/site-packages/airflow/example_dags/example_xcomargs.py[22m
2024-11-17 14:22:31,348 - airflow.models.dagbag.DagBag - DEBUG - Importing [01m/home/leostuchchi/.local/lib/python3.10/site-packages/airflow/example_dags/example_xcomargs.py[22m
2024-11-17 14:22:31,355 - airflow.models.dagbag.DagBag - DEBUG - Loaded DAG [01m<DAG: example_xcom_args>[22m
2024-11-17 14:22:31,355 - airflow.models.dagbag.DagBag - DEBUG - Loaded DAG [01m<DAG: example_xcom_args>[22m
2024-11-17 14:22:31,355 - airflow.models.dagbag.DagBag - DEBUG - Loaded DAG [01m<DAG: example_xcom_args>[22m
2024-11-17 14:22:31,356 - airflow.models.dagbag.DagBag - DEBUG - Loaded DAG [01m<DAG: example_xcom_args_with_operators>[22m
2024-11-17 14:22:31,356 - airflow.models.dagbag.DagBag - DEBUG - Loaded DAG [01m<DAG: example_xcom_args_with_operators>[22m
2024-11-17 14:22:31,356 - airflow.models.dagbag.DagBag - DEBUG - Loaded DAG [01m<DAG: example_xcom_args_with_operators>[22m
2024-11-17 14:22:31,356 - airflow.models.dagbag.DagBag - DEBUG - Importing [01m/home/leostuchchi/.local/lib/python3.10/site-packages/airflow/example_dags/example_bash_operator.py[22m
2024-11-17 14:22:31,356 - airflow.models.dagbag.DagBag - DEBUG - Importing [01m/home/leostuchchi/.local/lib/python3.10/site-packages/airflow/example_dags/example_bash_operator.py[22m
2024-11-17 14:22:31,356 - airflow.models.dagbag.DagBag - DEBUG - Importing [01m/home/leostuchchi/.local/lib/python3.10/site-packages/airflow/example_dags/example_bash_operator.py[22m
2024-11-17 14:22:31,358 - cron_descriptor.GetText - DEBUG - /home/leostuchchi/.local/lib/python3.10/site-packages/cron_descriptor/locale/en_US.mo Loaded
2024-11-17 14:22:31,358 - cron_descriptor.GetText - DEBUG - /home/leostuchchi/.local/lib/python3.10/site-packages/cron_descriptor/locale/en_US.mo Loaded
2024-11-17 14:22:31,358 - cron_descriptor.GetText - DEBUG - /home/leostuchchi/.local/lib/python3.10/site-packages/cron_descriptor/locale/en_US.mo Loaded
2024-11-17 14:22:31,366 - airflow.models.dagbag.DagBag - DEBUG - Loaded DAG [01m<DAG: example_bash_operator>[22m
2024-11-17 14:22:31,366 - airflow.models.dagbag.DagBag - DEBUG - Loaded DAG [01m<DAG: example_bash_operator>[22m
2024-11-17 14:22:31,366 - airflow.models.dagbag.DagBag - DEBUG - Loaded DAG [01m<DAG: example_bash_operator>[22m
2024-11-17 14:22:31,369 - airflow.models.dagbag.DagBag - DEBUG - Loaded DAG [01m<DAG: example_bash_operator>[22m
2024-11-17 14:22:31,369 - airflow.models.dagbag.DagBag - DEBUG - Loaded DAG [01m<DAG: example_bash_operator>[22m
2024-11-17 14:22:31,369 - airflow.models.dagbag.DagBag - DEBUG - Loaded DAG [01m<DAG: example_bash_operator>[22m
2024-11-17 14:22:31,370 - airflow.models.dagbag.DagBag - DEBUG - Importing [01m/home/leostuchchi/.local/lib/python3.10/site-packages/airflow/example_dags/example_dag_decorator.py[22m
2024-11-17 14:22:31,370 - airflow.models.dagbag.DagBag - DEBUG - Importing [01m/home/leostuchchi/.local/lib/python3.10/site-packages/airflow/example_dags/example_dag_decorator.py[22m
2024-11-17 14:22:31,370 - airflow.models.dagbag.DagBag - DEBUG - Importing [01m/home/leostuchchi/.local/lib/python3.10/site-packages/airflow/example_dags/example_dag_decorator.py[22m
2024-11-17 14:22:31,496 - airflow.models.dagbag.DagBag - DEBUG - Loaded DAG [01m<DAG: example_dag_decorator>[22m
2024-11-17 14:22:31,496 - airflow.models.dagbag.DagBag - DEBUG - Loaded DAG [01m<DAG: example_dag_decorator>[22m
2024-11-17 14:22:31,496 - airflow.models.dagbag.DagBag - DEBUG - Loaded DAG [01m<DAG: example_dag_decorator>[22m
2024-11-17 14:22:31,497 - airflow.models.dagbag.DagBag - DEBUG - Importing [01m/home/leostuchchi/.local/lib/python3.10/site-packages/airflow/example_dags/example_latest_only_with_trigger.py[22m
2024-11-17 14:22:31,497 - airflow.models.dagbag.DagBag - DEBUG - Importing [01m/home/leostuchchi/.local/lib/python3.10/site-packages/airflow/example_dags/example_latest_only_with_trigger.py[22m
2024-11-17 14:22:31,497 - airflow.models.dagbag.DagBag - DEBUG - Importing [01m/home/leostuchchi/.local/lib/python3.10/site-packages/airflow/example_dags/example_latest_only_with_trigger.py[22m
2024-11-17 14:22:31,503 - airflow.models.dagbag.DagBag - DEBUG - Loaded DAG [01m<DAG: latest_only_with_trigger>[22m
2024-11-17 14:22:31,503 - airflow.models.dagbag.DagBag - DEBUG - Loaded DAG [01m<DAG: latest_only_with_trigger>[22m
2024-11-17 14:22:31,503 - airflow.models.dagbag.DagBag - DEBUG - Loaded DAG [01m<DAG: latest_only_with_trigger>[22m
2024-11-17 14:22:31,504 - airflow.models.dagbag.DagBag - DEBUG - Importing [01m/home/leostuchchi/.local/lib/python3.10/site-packages/airflow/example_dags/example_params_trigger_ui.py[22m
2024-11-17 14:22:31,504 - airflow.models.dagbag.DagBag - DEBUG - Importing [01m/home/leostuchchi/.local/lib/python3.10/site-packages/airflow/example_dags/example_params_trigger_ui.py[22m
2024-11-17 14:22:31,504 - airflow.models.dagbag.DagBag - DEBUG - Importing [01m/home/leostuchchi/.local/lib/python3.10/site-packages/airflow/example_dags/example_params_trigger_ui.py[22m
2024-11-17 14:22:31,515 - airflow.models.dagbag.DagBag - DEBUG - Loaded DAG [01m<DAG: example_params_trigger_ui>[22m
2024-11-17 14:22:31,515 - airflow.models.dagbag.DagBag - DEBUG - Loaded DAG [01m<DAG: example_params_trigger_ui>[22m
2024-11-17 14:22:31,515 - airflow.models.dagbag.DagBag - DEBUG - Loaded DAG [01m<DAG: example_params_trigger_ui>[22m
2024-11-17 14:22:31,516 - airflow.models.dagbag.DagBag - DEBUG - Importing [01m/home/leostuchchi/.local/lib/python3.10/site-packages/airflow/example_dags/example_datasets.py[22m
2024-11-17 14:22:31,516 - airflow.models.dagbag.DagBag - DEBUG - Importing [01m/home/leostuchchi/.local/lib/python3.10/site-packages/airflow/example_dags/example_datasets.py[22m
2024-11-17 14:22:31,516 - airflow.models.dagbag.DagBag - DEBUG - Importing [01m/home/leostuchchi/.local/lib/python3.10/site-packages/airflow/example_dags/example_datasets.py[22m
2024-11-17 14:22:31,518 - cron_descriptor.GetText - DEBUG - /home/leostuchchi/.local/lib/python3.10/site-packages/cron_descriptor/locale/en_US.mo Loaded
2024-11-17 14:22:31,518 - cron_descriptor.GetText - DEBUG - /home/leostuchchi/.local/lib/python3.10/site-packages/cron_descriptor/locale/en_US.mo Loaded
2024-11-17 14:22:31,518 - cron_descriptor.GetText - DEBUG - /home/leostuchchi/.local/lib/python3.10/site-packages/cron_descriptor/locale/en_US.mo Loaded
2024-11-17 14:22:31,523 - airflow.models.dagbag.DagBag - DEBUG - Loaded DAG [01m<DAG: dataset_consumes_1>[22m
2024-11-17 14:22:31,523 - airflow.models.dagbag.DagBag - DEBUG - Loaded DAG [01m<DAG: dataset_consumes_1>[22m
2024-11-17 14:22:31,523 - airflow.models.dagbag.DagBag - DEBUG - Loaded DAG [01m<DAG: dataset_consumes_1>[22m
2024-11-17 14:22:31,524 - airflow.models.dagbag.DagBag - DEBUG - Loaded DAG [01m<DAG: dataset_consumes_1_never_scheduled>[22m
2024-11-17 14:22:31,524 - airflow.models.dagbag.DagBag - DEBUG - Loaded DAG [01m<DAG: dataset_consumes_1_never_scheduled>[22m
2024-11-17 14:22:31,524 - airflow.models.dagbag.DagBag - DEBUG - Loaded DAG [01m<DAG: dataset_consumes_1_never_scheduled>[22m
2024-11-17 14:22:31,525 - airflow.models.dagbag.DagBag - DEBUG - Loaded DAG [01m<DAG: dataset_produces_2>[22m
2024-11-17 14:22:31,525 - airflow.models.dagbag.DagBag - DEBUG - Loaded DAG [01m<DAG: dataset_produces_2>[22m
2024-11-17 14:22:31,525 - airflow.models.dagbag.DagBag - DEBUG - Loaded DAG [01m<DAG: dataset_produces_2>[22m
2024-11-17 14:22:31,526 - airflow.models.dagbag.DagBag - DEBUG - Loaded DAG [01m<DAG: dataset_consumes_unknown_never_scheduled>[22m
2024-11-17 14:22:31,526 - airflow.models.dagbag.DagBag - DEBUG - Loaded DAG [01m<DAG: dataset_consumes_unknown_never_scheduled>[22m
2024-11-17 14:22:31,526 - airflow.models.dagbag.DagBag - DEBUG - Loaded DAG [01m<DAG: dataset_consumes_unknown_never_scheduled>[22m
2024-11-17 14:22:31,527 - cron_descriptor.GetText - DEBUG - /home/leostuchchi/.local/lib/python3.10/site-packages/cron_descriptor/locale/en_US.mo Loaded
2024-11-17 14:22:31,527 - cron_descriptor.GetText - DEBUG - /home/leostuchchi/.local/lib/python3.10/site-packages/cron_descriptor/locale/en_US.mo Loaded
2024-11-17 14:22:31,527 - cron_descriptor.GetText - DEBUG - /home/leostuchchi/.local/lib/python3.10/site-packages/cron_descriptor/locale/en_US.mo Loaded
2024-11-17 14:22:31,528 - airflow.models.dagbag.DagBag - DEBUG - Loaded DAG [01m<DAG: dataset_produces_1>[22m
2024-11-17 14:22:31,528 - airflow.models.dagbag.DagBag - DEBUG - Loaded DAG [01m<DAG: dataset_produces_1>[22m
2024-11-17 14:22:31,528 - airflow.models.dagbag.DagBag - DEBUG - Loaded DAG [01m<DAG: dataset_produces_1>[22m
2024-11-17 14:22:31,529 - airflow.models.dagbag.DagBag - DEBUG - Loaded DAG [01m<DAG: dataset_consumes_1_and_2>[22m
2024-11-17 14:22:31,529 - airflow.models.dagbag.DagBag - DEBUG - Loaded DAG [01m<DAG: dataset_consumes_1_and_2>[22m
2024-11-17 14:22:31,529 - airflow.models.dagbag.DagBag - DEBUG - Loaded DAG [01m<DAG: dataset_consumes_1_and_2>[22m
2024-11-17 14:22:31,530 - airflow.models.dagbag.DagBag - DEBUG - Importing [01m/home/leostuchchi/.local/lib/python3.10/site-packages/airflow/example_dags/example_branch_day_of_week_operator.py[22m
2024-11-17 14:22:31,530 - airflow.models.dagbag.DagBag - DEBUG - Importing [01m/home/leostuchchi/.local/lib/python3.10/site-packages/airflow/example_dags/example_branch_day_of_week_operator.py[22m
2024-11-17 14:22:31,530 - airflow.models.dagbag.DagBag - DEBUG - Importing [01m/home/leostuchchi/.local/lib/python3.10/site-packages/airflow/example_dags/example_branch_day_of_week_operator.py[22m
2024-11-17 14:22:31,532 - cron_descriptor.GetText - DEBUG - /home/leostuchchi/.local/lib/python3.10/site-packages/cron_descriptor/locale/en_US.mo Loaded
2024-11-17 14:22:31,532 - cron_descriptor.GetText - DEBUG - /home/leostuchchi/.local/lib/python3.10/site-packages/cron_descriptor/locale/en_US.mo Loaded
2024-11-17 14:22:31,532 - cron_descriptor.GetText - DEBUG - /home/leostuchchi/.local/lib/python3.10/site-packages/cron_descriptor/locale/en_US.mo Loaded
2024-11-17 14:22:31,537 - cron_descriptor.GetText - DEBUG - /home/leostuchchi/.local/lib/python3.10/site-packages/cron_descriptor/locale/en_US.mo Loaded
2024-11-17 14:22:31,537 - cron_descriptor.GetText - DEBUG - /home/leostuchchi/.local/lib/python3.10/site-packages/cron_descriptor/locale/en_US.mo Loaded
2024-11-17 14:22:31,537 - cron_descriptor.GetText - DEBUG - /home/leostuchchi/.local/lib/python3.10/site-packages/cron_descriptor/locale/en_US.mo Loaded
2024-11-17 14:22:31,538 - airflow.models.dagbag.DagBag - DEBUG - Loaded DAG [01m<DAG: example_weekday_branch_operator>[22m
2024-11-17 14:22:31,538 - airflow.models.dagbag.DagBag - DEBUG - Loaded DAG [01m<DAG: example_weekday_branch_operator>[22m
2024-11-17 14:22:31,538 - airflow.models.dagbag.DagBag - DEBUG - Loaded DAG [01m<DAG: example_weekday_branch_operator>[22m
2024-11-17 14:22:31,539 - airflow.models.dagbag.DagBag - DEBUG - Importing [01m/home/leostuchchi/.local/lib/python3.10/site-packages/airflow/example_dags/example_params_ui_tutorial.py[22m
2024-11-17 14:22:31,539 - airflow.models.dagbag.DagBag - DEBUG - Importing [01m/home/leostuchchi/.local/lib/python3.10/site-packages/airflow/example_dags/example_params_ui_tutorial.py[22m
2024-11-17 14:22:31,539 - airflow.models.dagbag.DagBag - DEBUG - Importing [01m/home/leostuchchi/.local/lib/python3.10/site-packages/airflow/example_dags/example_params_ui_tutorial.py[22m
2024-11-17 14:22:31,551 - airflow.models.dagbag.DagBag - DEBUG - Loaded DAG [01m<DAG: example_params_ui_tutorial>[22m
2024-11-17 14:22:31,551 - airflow.models.dagbag.DagBag - DEBUG - Loaded DAG [01m<DAG: example_params_ui_tutorial>[22m
2024-11-17 14:22:31,551 - airflow.models.dagbag.DagBag - DEBUG - Loaded DAG [01m<DAG: example_params_ui_tutorial>[22m
2024-11-17 14:22:31,552 - airflow.models.dagbag.DagBag - DEBUG - Importing [01m/home/leostuchchi/.local/lib/python3.10/site-packages/airflow/example_dags/example_sla_dag.py[22m
2024-11-17 14:22:31,552 - airflow.models.dagbag.DagBag - DEBUG - Importing [01m/home/leostuchchi/.local/lib/python3.10/site-packages/airflow/example_dags/example_sla_dag.py[22m
2024-11-17 14:22:31,552 - airflow.models.dagbag.DagBag - DEBUG - Importing [01m/home/leostuchchi/.local/lib/python3.10/site-packages/airflow/example_dags/example_sla_dag.py[22m
2024-11-17 14:22:31,554 - cron_descriptor.GetText - DEBUG - /home/leostuchchi/.local/lib/python3.10/site-packages/cron_descriptor/locale/en_US.mo Loaded
2024-11-17 14:22:31,554 - cron_descriptor.GetText - DEBUG - /home/leostuchchi/.local/lib/python3.10/site-packages/cron_descriptor/locale/en_US.mo Loaded
2024-11-17 14:22:31,554 - cron_descriptor.GetText - DEBUG - /home/leostuchchi/.local/lib/python3.10/site-packages/cron_descriptor/locale/en_US.mo Loaded
2024-11-17 14:22:31,558 - airflow.models.dagbag.DagBag - DEBUG - Loaded DAG [01m<DAG: example_sla_dag>[22m
2024-11-17 14:22:31,558 - airflow.models.dagbag.DagBag - DEBUG - Loaded DAG [01m<DAG: example_sla_dag>[22m
2024-11-17 14:22:31,558 - airflow.models.dagbag.DagBag - DEBUG - Loaded DAG [01m<DAG: example_sla_dag>[22m
2024-11-17 14:22:31,560 - airflow.models.dagbag.DagBag - DEBUG - Importing [01m/home/leostuchchi/.local/lib/python3.10/site-packages/airflow/example_dags/example_nested_branch_dag.py[22m
2024-11-17 14:22:31,560 - airflow.models.dagbag.DagBag - DEBUG - Importing [01m/home/leostuchchi/.local/lib/python3.10/site-packages/airflow/example_dags/example_nested_branch_dag.py[22m
2024-11-17 14:22:31,560 - airflow.models.dagbag.DagBag - DEBUG - Importing [01m/home/leostuchchi/.local/lib/python3.10/site-packages/airflow/example_dags/example_nested_branch_dag.py[22m
2024-11-17 14:22:31,562 - cron_descriptor.GetText - DEBUG - /home/leostuchchi/.local/lib/python3.10/site-packages/cron_descriptor/locale/en_US.mo Loaded
2024-11-17 14:22:31,562 - cron_descriptor.GetText - DEBUG - /home/leostuchchi/.local/lib/python3.10/site-packages/cron_descriptor/locale/en_US.mo Loaded
2024-11-17 14:22:31,562 - cron_descriptor.GetText - DEBUG - /home/leostuchchi/.local/lib/python3.10/site-packages/cron_descriptor/locale/en_US.mo Loaded
2024-11-17 14:22:31,569 - cron_descriptor.GetText - DEBUG - /home/leostuchchi/.local/lib/python3.10/site-packages/cron_descriptor/locale/en_US.mo Loaded
2024-11-17 14:22:31,569 - cron_descriptor.GetText - DEBUG - /home/leostuchchi/.local/lib/python3.10/site-packages/cron_descriptor/locale/en_US.mo Loaded
2024-11-17 14:22:31,569 - cron_descriptor.GetText - DEBUG - /home/leostuchchi/.local/lib/python3.10/site-packages/cron_descriptor/locale/en_US.mo Loaded
2024-11-17 14:22:31,570 - airflow.models.dagbag.DagBag - DEBUG - Loaded DAG [01m<DAG: example_nested_branch_dag>[22m
2024-11-17 14:22:31,570 - airflow.models.dagbag.DagBag - DEBUG - Loaded DAG [01m<DAG: example_nested_branch_dag>[22m
2024-11-17 14:22:31,570 - airflow.models.dagbag.DagBag - DEBUG - Loaded DAG [01m<DAG: example_nested_branch_dag>[22m
2024-11-17 14:22:31,571 - airflow.models.dagbag.DagBag - DEBUG - Importing [01m/home/leostuchchi/.local/lib/python3.10/site-packages/airflow/example_dags/tutorial.py[22m
2024-11-17 14:22:31,571 - airflow.models.dagbag.DagBag - DEBUG - Importing [01m/home/leostuchchi/.local/lib/python3.10/site-packages/airflow/example_dags/tutorial.py[22m
2024-11-17 14:22:31,571 - airflow.models.dagbag.DagBag - DEBUG - Importing [01m/home/leostuchchi/.local/lib/python3.10/site-packages/airflow/example_dags/tutorial.py[22m
2024-11-17 14:22:31,574 - airflow.models.dagbag.DagBag - DEBUG - Loaded DAG [01m<DAG: tutorial>[22m
2024-11-17 14:22:31,574 - airflow.models.dagbag.DagBag - DEBUG - Loaded DAG [01m<DAG: tutorial>[22m
2024-11-17 14:22:31,574 - airflow.models.dagbag.DagBag - DEBUG - Loaded DAG [01m<DAG: tutorial>[22m
2024-11-17 14:22:31,575 - airflow.models.dagbag.DagBag - DEBUG - Importing [01m/home/leostuchchi/.local/lib/python3.10/site-packages/airflow/example_dags/example_task_group.py[22m
2024-11-17 14:22:31,575 - airflow.models.dagbag.DagBag - DEBUG - Importing [01m/home/leostuchchi/.local/lib/python3.10/site-packages/airflow/example_dags/example_task_group.py[22m
2024-11-17 14:22:31,575 - airflow.models.dagbag.DagBag - DEBUG - Importing [01m/home/leostuchchi/.local/lib/python3.10/site-packages/airflow/example_dags/example_task_group.py[22m
2024-11-17 14:22:31,581 - airflow.models.dagbag.DagBag - DEBUG - Loaded DAG [01m<DAG: example_task_group>[22m
2024-11-17 14:22:31,581 - airflow.models.dagbag.DagBag - DEBUG - Loaded DAG [01m<DAG: example_task_group>[22m
2024-11-17 14:22:31,581 - airflow.models.dagbag.DagBag - DEBUG - Loaded DAG [01m<DAG: example_task_group>[22m
2024-11-17 14:22:31,582 - airflow.models.dagbag.DagBag - DEBUG - Importing [01m/home/leostuchchi/.local/lib/python3.10/site-packages/airflow/example_dags/example_short_circuit_decorator.py[22m
2024-11-17 14:22:31,582 - airflow.models.dagbag.DagBag - DEBUG - Importing [01m/home/leostuchchi/.local/lib/python3.10/site-packages/airflow/example_dags/example_short_circuit_decorator.py[22m
2024-11-17 14:22:31,582 - airflow.models.dagbag.DagBag - DEBUG - Importing [01m/home/leostuchchi/.local/lib/python3.10/site-packages/airflow/example_dags/example_short_circuit_decorator.py[22m
2024-11-17 14:22:31,591 - airflow.models.dagbag.DagBag - DEBUG - Loaded DAG [01m<DAG: example_short_circuit_decorator>[22m
2024-11-17 14:22:31,591 - airflow.models.dagbag.DagBag - DEBUG - Loaded DAG [01m<DAG: example_short_circuit_decorator>[22m
2024-11-17 14:22:31,591 - airflow.models.dagbag.DagBag - DEBUG - Loaded DAG [01m<DAG: example_short_circuit_decorator>[22m
2024-11-17 14:22:31,592 - airflow.models.dagbag.DagBag - DEBUG - Importing [01m/home/leostuchchi/.local/lib/python3.10/site-packages/airflow/example_dags/example_latest_only.py[22m
2024-11-17 14:22:31,592 - airflow.models.dagbag.DagBag - DEBUG - Importing [01m/home/leostuchchi/.local/lib/python3.10/site-packages/airflow/example_dags/example_latest_only.py[22m
2024-11-17 14:22:31,592 - airflow.models.dagbag.DagBag - DEBUG - Importing [01m/home/leostuchchi/.local/lib/python3.10/site-packages/airflow/example_dags/example_latest_only.py[22m
2024-11-17 14:22:31,595 - airflow.models.dagbag.DagBag - DEBUG - Loaded DAG [01m<DAG: latest_only>[22m
2024-11-17 14:22:31,595 - airflow.models.dagbag.DagBag - DEBUG - Loaded DAG [01m<DAG: latest_only>[22m
2024-11-17 14:22:31,595 - airflow.models.dagbag.DagBag - DEBUG - Loaded DAG [01m<DAG: latest_only>[22m
2024-11-17 14:22:31,596 - airflow.models.dagbag.DagBag - DEBUG - Importing [01m/home/leostuchchi/.local/lib/python3.10/site-packages/airflow/example_dags/example_passing_params_via_test_command.py[22m
2024-11-17 14:22:31,596 - airflow.models.dagbag.DagBag - DEBUG - Importing [01m/home/leostuchchi/.local/lib/python3.10/site-packages/airflow/example_dags/example_passing_params_via_test_command.py[22m
2024-11-17 14:22:31,596 - airflow.models.dagbag.DagBag - DEBUG - Importing [01m/home/leostuchchi/.local/lib/python3.10/site-packages/airflow/example_dags/example_passing_params_via_test_command.py[22m
2024-11-17 14:22:31,598 - cron_descriptor.GetText - DEBUG - /home/leostuchchi/.local/lib/python3.10/site-packages/cron_descriptor/locale/en_US.mo Loaded
2024-11-17 14:22:31,598 - cron_descriptor.GetText - DEBUG - /home/leostuchchi/.local/lib/python3.10/site-packages/cron_descriptor/locale/en_US.mo Loaded
2024-11-17 14:22:31,598 - cron_descriptor.GetText - DEBUG - /home/leostuchchi/.local/lib/python3.10/site-packages/cron_descriptor/locale/en_US.mo Loaded
2024-11-17 14:22:31,605 - airflow.models.dagbag.DagBag - DEBUG - Loaded DAG [01m<DAG: example_passing_params_via_test_command>[22m
2024-11-17 14:22:31,605 - airflow.models.dagbag.DagBag - DEBUG - Loaded DAG [01m<DAG: example_passing_params_via_test_command>[22m
2024-11-17 14:22:31,605 - airflow.models.dagbag.DagBag - DEBUG - Loaded DAG [01m<DAG: example_passing_params_via_test_command>[22m
2024-11-17 14:22:31,606 - airflow.models.dagbag.DagBag - DEBUG - Importing [01m/home/leostuchchi/.local/lib/python3.10/site-packages/airflow/example_dags/example_dynamic_task_mapping_with_no_taskflow_operators.py[22m
2024-11-17 14:22:31,606 - airflow.models.dagbag.DagBag - DEBUG - Importing [01m/home/leostuchchi/.local/lib/python3.10/site-packages/airflow/example_dags/example_dynamic_task_mapping_with_no_taskflow_operators.py[22m
2024-11-17 14:22:31,606 - airflow.models.dagbag.DagBag - DEBUG - Importing [01m/home/leostuchchi/.local/lib/python3.10/site-packages/airflow/example_dags/example_dynamic_task_mapping_with_no_taskflow_operators.py[22m
2024-11-17 14:22:31,610 - airflow.models.dagbag.DagBag - DEBUG - Loaded DAG [01m<DAG: example_dynamic_task_mapping_with_no_taskflow_operators>[22m
2024-11-17 14:22:31,610 - airflow.models.dagbag.DagBag - DEBUG - Loaded DAG [01m<DAG: example_dynamic_task_mapping_with_no_taskflow_operators>[22m
2024-11-17 14:22:31,610 - airflow.models.dagbag.DagBag - DEBUG - Loaded DAG [01m<DAG: example_dynamic_task_mapping_with_no_taskflow_operators>[22m
2024-11-17 14:22:31,611 - airflow.models.dagbag.DagBag - DEBUG - Importing [01m/home/leostuchchi/.local/lib/python3.10/site-packages/airflow/example_dags/example_branch_operator.py[22m
2024-11-17 14:22:31,611 - airflow.models.dagbag.DagBag - DEBUG - Importing [01m/home/leostuchchi/.local/lib/python3.10/site-packages/airflow/example_dags/example_branch_operator.py[22m
2024-11-17 14:22:31,611 - airflow.models.dagbag.DagBag - DEBUG - Importing [01m/home/leostuchchi/.local/lib/python3.10/site-packages/airflow/example_dags/example_branch_operator.py[22m
2024-11-17 14:22:31,613 - cron_descriptor.GetText - DEBUG - /home/leostuchchi/.local/lib/python3.10/site-packages/cron_descriptor/locale/en_US.mo Loaded
2024-11-17 14:22:31,613 - cron_descriptor.GetText - DEBUG - /home/leostuchchi/.local/lib/python3.10/site-packages/cron_descriptor/locale/en_US.mo Loaded
2024-11-17 14:22:31,613 - cron_descriptor.GetText - DEBUG - /home/leostuchchi/.local/lib/python3.10/site-packages/cron_descriptor/locale/en_US.mo Loaded
2024-11-17 14:22:31,629 - cron_descriptor.GetText - DEBUG - /home/leostuchchi/.local/lib/python3.10/site-packages/cron_descriptor/locale/en_US.mo Loaded
2024-11-17 14:22:31,629 - cron_descriptor.GetText - DEBUG - /home/leostuchchi/.local/lib/python3.10/site-packages/cron_descriptor/locale/en_US.mo Loaded
2024-11-17 14:22:31,629 - cron_descriptor.GetText - DEBUG - /home/leostuchchi/.local/lib/python3.10/site-packages/cron_descriptor/locale/en_US.mo Loaded
2024-11-17 14:22:31,631 - airflow.models.dagbag.DagBag - DEBUG - Loaded DAG [01m<DAG: example_branch_operator>[22m
2024-11-17 14:22:31,631 - airflow.models.dagbag.DagBag - DEBUG - Loaded DAG [01m<DAG: example_branch_operator>[22m
2024-11-17 14:22:31,631 - airflow.models.dagbag.DagBag - DEBUG - Loaded DAG [01m<DAG: example_branch_operator>[22m
2024-11-17 14:22:31,632 - airflow.models.dagbag.DagBag - DEBUG - Importing [01m/home/leostuchchi/.local/lib/python3.10/site-packages/airflow/example_dags/example_skip_dag.py[22m
2024-11-17 14:22:31,632 - airflow.models.dagbag.DagBag - DEBUG - Importing [01m/home/leostuchchi/.local/lib/python3.10/site-packages/airflow/example_dags/example_skip_dag.py[22m
2024-11-17 14:22:31,632 - airflow.models.dagbag.DagBag - DEBUG - Importing [01m/home/leostuchchi/.local/lib/python3.10/site-packages/airflow/example_dags/example_skip_dag.py[22m
2024-11-17 14:22:31,638 - airflow.models.dagbag.DagBag - DEBUG - Loaded DAG [01m<DAG: example_skip_dag>[22m
2024-11-17 14:22:31,638 - airflow.models.dagbag.DagBag - DEBUG - Loaded DAG [01m<DAG: example_skip_dag>[22m
2024-11-17 14:22:31,638 - airflow.models.dagbag.DagBag - DEBUG - Loaded DAG [01m<DAG: example_skip_dag>[22m
2024-11-17 14:22:31,639 - airflow.models.dagbag.DagBag - DEBUG - Importing [01m/home/leostuchchi/.local/lib/python3.10/site-packages/airflow/example_dags/example_dynamic_task_mapping.py[22m
2024-11-17 14:22:31,639 - airflow.models.dagbag.DagBag - DEBUG - Importing [01m/home/leostuchchi/.local/lib/python3.10/site-packages/airflow/example_dags/example_dynamic_task_mapping.py[22m
2024-11-17 14:22:31,639 - airflow.models.dagbag.DagBag - DEBUG - Importing [01m/home/leostuchchi/.local/lib/python3.10/site-packages/airflow/example_dags/example_dynamic_task_mapping.py[22m
2024-11-17 14:22:31,642 - airflow.models.dagbag.DagBag - DEBUG - Loaded DAG [01m<DAG: example_dynamic_task_mapping>[22m
2024-11-17 14:22:31,642 - airflow.models.dagbag.DagBag - DEBUG - Loaded DAG [01m<DAG: example_dynamic_task_mapping>[22m
2024-11-17 14:22:31,642 - airflow.models.dagbag.DagBag - DEBUG - Loaded DAG [01m<DAG: example_dynamic_task_mapping>[22m
2024-11-17 14:22:31,644 - airflow.models.dagbag.DagBag - DEBUG - Importing [01m/home/leostuchchi/.local/lib/python3.10/site-packages/airflow/example_dags/example_local_kubernetes_executor.py[22m
2024-11-17 14:22:31,644 - airflow.models.dagbag.DagBag - DEBUG - Importing [01m/home/leostuchchi/.local/lib/python3.10/site-packages/airflow/example_dags/example_local_kubernetes_executor.py[22m
2024-11-17 14:22:31,644 - airflow.models.dagbag.DagBag - DEBUG - Importing [01m/home/leostuchchi/.local/lib/python3.10/site-packages/airflow/example_dags/example_local_kubernetes_executor.py[22m
2024-11-17 14:22:32,017 - airflow.models.dagbag.DagBag - DEBUG - Loaded DAG [01m<DAG: example_local_kubernetes_executor>[22m
2024-11-17 14:22:32,017 - airflow.models.dagbag.DagBag - DEBUG - Loaded DAG [01m<DAG: example_local_kubernetes_executor>[22m
2024-11-17 14:22:32,017 - airflow.models.dagbag.DagBag - DEBUG - Loaded DAG [01m<DAG: example_local_kubernetes_executor>[22m
2024-11-17 14:22:32,019 - airflow.models.dagbag.DagBag - DEBUG - Importing [01m/home/leostuchchi/.local/lib/python3.10/site-packages/airflow/example_dags/example_kubernetes_executor.py[22m
2024-11-17 14:22:32,019 - airflow.models.dagbag.DagBag - DEBUG - Importing [01m/home/leostuchchi/.local/lib/python3.10/site-packages/airflow/example_dags/example_kubernetes_executor.py[22m
2024-11-17 14:22:32,019 - airflow.models.dagbag.DagBag - DEBUG - Importing [01m/home/leostuchchi/.local/lib/python3.10/site-packages/airflow/example_dags/example_kubernetes_executor.py[22m
2024-11-17 14:22:32,045 - airflow.models.dagbag.DagBag - DEBUG - Loaded DAG [01m<DAG: example_kubernetes_executor>[22m
2024-11-17 14:22:32,045 - airflow.models.dagbag.DagBag - DEBUG - Loaded DAG [01m<DAG: example_kubernetes_executor>[22m
2024-11-17 14:22:32,045 - airflow.models.dagbag.DagBag - DEBUG - Loaded DAG [01m<DAG: example_kubernetes_executor>[22m
2024-11-17 14:22:32,046 - airflow.models.dagbag.DagBag - DEBUG - Importing [01m/home/leostuchchi/.local/lib/python3.10/site-packages/airflow/example_dags/subdags/subdag.py[22m
2024-11-17 14:22:32,046 - airflow.models.dagbag.DagBag - DEBUG - Importing [01m/home/leostuchchi/.local/lib/python3.10/site-packages/airflow/example_dags/subdags/subdag.py[22m
2024-11-17 14:22:32,046 - airflow.models.dagbag.DagBag - DEBUG - Importing [01m/home/leostuchchi/.local/lib/python3.10/site-packages/airflow/example_dags/subdags/subdag.py[22m
2024-11-17 14:22:32,048 - airflow.models.dagbag.DagBag - DEBUG - Importing [01m/home/leostuchchi/.local/lib/python3.10/site-packages/airflow/example_dags/plugins/event_listener.py[22m
2024-11-17 14:22:32,048 - airflow.models.dagbag.DagBag - DEBUG - Importing [01m/home/leostuchchi/.local/lib/python3.10/site-packages/airflow/example_dags/plugins/event_listener.py[22m
2024-11-17 14:22:32,048 - airflow.models.dagbag.DagBag - DEBUG - Importing [01m/home/leostuchchi/.local/lib/python3.10/site-packages/airflow/example_dags/plugins/event_listener.py[22m
2024-11-17 14:22:32,049 - airflow.models.dagbag.DagBag - DEBUG - Importing [01m/home/leostuchchi/.local/lib/python3.10/site-packages/airflow/example_dags/plugins/listener_plugin.py[22m
2024-11-17 14:22:32,049 - airflow.models.dagbag.DagBag - DEBUG - Importing [01m/home/leostuchchi/.local/lib/python3.10/site-packages/airflow/example_dags/plugins/listener_plugin.py[22m
2024-11-17 14:22:32,049 - airflow.models.dagbag.DagBag - DEBUG - Importing [01m/home/leostuchchi/.local/lib/python3.10/site-packages/airflow/example_dags/plugins/listener_plugin.py[22m
2024-11-17 14:22:32,051 - airflow.models.dagbag.DagBag - DEBUG - Importing [01m/home/leostuchchi/.local/lib/python3.10/site-packages/airflow/example_dags/plugins/workday.py[22m
2024-11-17 14:22:32,051 - airflow.models.dagbag.DagBag - DEBUG - Importing [01m/home/leostuchchi/.local/lib/python3.10/site-packages/airflow/example_dags/plugins/workday.py[22m
2024-11-17 14:22:32,051 - airflow.models.dagbag.DagBag - DEBUG - Importing [01m/home/leostuchchi/.local/lib/python3.10/site-packages/airflow/example_dags/plugins/workday.py[22m
2024-11-17 14:22:32,108 - airflow.plugins_manager - DEBUG - Plugins are already loaded. Skipping.
2024-11-17 14:22:32,108 - airflow.plugins_manager - DEBUG - Plugins are already loaded. Skipping.
2024-11-17 14:22:32,108 - airflow.plugins_manager - DEBUG - Plugins are already loaded. Skipping.
2024-11-17 14:22:32,109 - airflow.plugins_manager - DEBUG - Integrate DAG plugins
2024-11-17 14:22:32,109 - airflow.plugins_manager - DEBUG - Integrate DAG plugins
2024-11-17 14:22:32,109 - airflow.plugins_manager - DEBUG - Integrate DAG plugins
2024-11-17 14:22:32,123 - airflow.models.taskinstance - DEBUG - previous_execution_date was called
2024-11-17 14:22:32,123 - airflow.models.taskinstance - DEBUG - previous_execution_date was called
2024-11-17 14:22:32,123 - airflow.models.taskinstance - DEBUG - previous_execution_date was called
2024-11-17 14:22:32,140 - airflow.cli.commands.task_command - INFO - Running [01m<TaskInstance: scoring_credit_default.pipeline scheduled__2022-06-30T15:00:00+00:00 [queued]>[22m on host [01mleons[22m
2024-11-17 14:22:32,140 - airflow.cli.commands.task_command - INFO - Running [01m<TaskInstance: scoring_credit_default.pipeline scheduled__2022-06-30T15:00:00+00:00 [queued]>[22m on host [01mleons[22m
2024-11-17 14:22:32,140 - airflow.cli.commands.task_command - INFO - Running [01m<TaskInstance: scoring_credit_default.pipeline scheduled__2022-06-30T15:00:00+00:00 [queued]>[22m on host [01mleons[22m
2024-11-17 14:22:32,141 - airflow.settings - DEBUG - Disposing DB connection pool (PID 15843)
2024-11-17 14:22:32,141 - airflow.settings - DEBUG - Disposing DB connection pool (PID 15843)
2024-11-17 14:22:32,141 - airflow.settings - DEBUG - Disposing DB connection pool (PID 15843)
2024-11-17 14:22:32,142 - airflow.settings - DEBUG - Setting up DB connection pool (PID 15843)
2024-11-17 14:22:32,142 - airflow.settings - DEBUG - Setting up DB connection pool (PID 15843)
2024-11-17 14:22:32,142 - airflow.settings - DEBUG - Setting up DB connection pool (PID 15843)
2024-11-17 14:22:32,143 - airflow.settings - DEBUG - settings.prepare_engine_args(): Using NullPool
2024-11-17 14:22:32,143 - airflow.settings - DEBUG - settings.prepare_engine_args(): Using NullPool
2024-11-17 14:22:32,143 - airflow.settings - DEBUG - settings.prepare_engine_args(): Using NullPool
2024-11-17 14:22:34,896 - root - DEBUG - Calling callbacks: [01m[][22m
2024-11-17 14:22:34,896 - root - DEBUG - Calling callbacks: [01m[][22m
2024-11-17 14:22:34,896 - root - DEBUG - Calling callbacks: [01m[][22m
2024-11-17 14:22:34,899 - airflow.settings - DEBUG - Disposing DB connection pool (PID 15843)
2024-11-17 14:22:34,899 - airflow.settings - DEBUG - Disposing DB connection pool (PID 15843)
2024-11-17 14:22:34,899 - airflow.settings - DEBUG - Disposing DB connection pool (PID 15843)
